\BOOKMARK [0][-]{chapter*.1}{Concetti di Base}{}% 1
\BOOKMARK [1][-]{section*.2}{Composizione parallela: H || G}{chapter*.1}% 2
\BOOKMARK [1][-]{section*.3}{Prodotto: H G}{chapter*.1}% 3
\BOOKMARK [1][-]{section*.4}{Coaccessibilit\340: CoAcc \(G\)}{chapter*.1}% 4
\BOOKMARK [1][-]{section*.5}{Accessibilit\340: Acc \(G\) = Trim\(G\)}{chapter*.1}% 5
\BOOKMARK [1][-]{section*.6}{Complemento: Compl \(G\)}{chapter*.1}% 6
\BOOKMARK [0][-]{chapter*.7}{Linguaggi e Automi}{}% 7
\BOOKMARK [1][-]{section*.8}{Osservatore}{chapter*.7}% 8
\BOOKMARK [1][-]{section*.9}{Osservabilit\340}{chapter*.7}% 9
\BOOKMARK [1][-]{section*.10}{Controllabilit\340}{chapter*.7}% 10
\BOOKMARK [1][-]{section*.11}{Controllore Massimo Supremo}{chapter*.7}% 11
\BOOKMARK [1][-]{section*.12}{Sovralinguaggio Controllabile Infimo}{chapter*.7}% 12
\BOOKMARK [0][-]{chapter*.13}{Segnali discreti}{}% 13
\BOOKMARK [0][-]{chapter*.14}{Reti di Petri}{}% 14
\BOOKMARK [1][-]{section*.15}{Albero di Copertura \(o Raggiungibilit\340\)}{chapter*.14}% 15
\BOOKMARK [1][-]{section*.16}{Grafo di Copertura \(o Raggiungibilit\340\)}{chapter*.14}% 16
\BOOKMARK [0][-]{chapter*.17}{Macchine a stati}{}% 17
\BOOKMARK [1][-]{section*.19}{Determinizzazione di un NFA \(Subset Construction\)}{chapter*.17}% 18
\BOOKMARK [1][-]{section*.23}{Minimizzazione}{chapter*.17}% 19
\BOOKMARK [1][-]{section*.24}{Simulazione}{chapter*.17}% 20
\BOOKMARK [1][-]{section*.25}{Bisimulazione}{chapter*.17}% 21
\BOOKMARK [0][-]{chapter*.26}{Automi ibridi}{}% 22
\BOOKMARK [0][-]{chapter*.31}{Definizioni}{}% 23
