\BOOKMARK [0][-]{chapter*.1}{Rational Agent}{}% 1
\BOOKMARK [0][-]{chapter*.2}{Search}{}% 2
\BOOKMARK [1][-]{section*.3}{Tree Search Algorithms}{chapter*.2}% 3
\BOOKMARK [0][-]{chapter*.4}{Uninformed Search}{}% 4
\BOOKMARK [1][-]{section*.5}{Tree Search Algorithms}{chapter*.4}% 5
\BOOKMARK [2][-]{section*.6}{Breadth-First Search}{section*.5}% 6
\BOOKMARK [2][-]{section*.7}{Uniform-Cost Search}{section*.5}% 7
\BOOKMARK [2][-]{section*.8}{Depth-First Search}{section*.5}% 8
\BOOKMARK [2][-]{section*.9}{Depth-Limited Search}{section*.5}% 9
\BOOKMARK [2][-]{section*.10}{Iterative-Deepening Search}{section*.5}% 10
\BOOKMARK [1][-]{section*.11}{Graph Search}{chapter*.4}% 11
\BOOKMARK [0][-]{chapter*.12}{Informed Search}{}% 12
\BOOKMARK [1][-]{section*.13}{Best First Search}{chapter*.12}% 13
\BOOKMARK [2][-]{section*.14}{Greedy Search}{section*.13}% 14
\BOOKMARK [2][-]{section*.15}{A* Search}{section*.13}% 15
\BOOKMARK [1][-]{section*.16}{Heuristics}{chapter*.12}% 16
\BOOKMARK [0][-]{chapter*.17}{Processamento dei Vincoli}{}% 17
\BOOKMARK [1][-]{section*.18}{Graphical Model: Reti a Vincoli}{chapter*.17}% 18
\BOOKMARK [2][-]{section*.19}{Constraint Graph}{section*.18}% 19
\BOOKMARK [0][-]{chapter*.20}{Node and Arc Consistency}{}% 20
\BOOKMARK [0][-]{chapter*.21}{Search Strategies: Lookahead}{}% 21
\BOOKMARK [0][-]{chapter*.22}{Tree Decomposition Methods}{}% 22
\BOOKMARK [1][-]{section*.23}{Acyclic Network}{chapter*.22}% 23
\BOOKMARK [1][-]{section*.24}{Clustering}{chapter*.22}% 24
\BOOKMARK [0][-]{chapter*.25}{Constraint Optimisation Problems}{}% 25
\BOOKMARK [1][-]{section*.26}{Branch and Bound}{chapter*.25}% 26
\BOOKMARK [1][-]{section*.27}{Bucket Elimination}{chapter*.25}% 27
