This is pdfTeX, Version 3.14159265-2.6-1.40.18 (TeX Live 2017) (preloaded format=pdflatex 2018.3.10)  2 OCT 2018 15:27
entering extended mode
 restricted \write18 enabled.
 %&-line parsing enabled.
**sicurezzareti.tex
(./sicurezzareti.tex
LaTeX2e <2017-04-15>
Babel <3.10> and hyphenation patterns for 84 language(s) loaded.
(/usr/local/texlive/2017/texmf-dist/tex/latex/base/report.cls
Document Class: report 2014/09/29 v1.4h Standard LaTeX document class
(/usr/local/texlive/2017/texmf-dist/tex/latex/base/size11.clo
File: size11.clo 2014/09/29 v1.4h Standard LaTeX file (size option)
)
\c@part=\count79
\c@chapter=\count80
\c@section=\count81
\c@subsection=\count82
\c@subsubsection=\count83
\c@paragraph=\count84
\c@subparagraph=\count85
\c@figure=\count86
\c@table=\count87
\abovecaptionskip=\skip41
\belowcaptionskip=\skip42
\bibindent=\dimen102
)
(/usr/local/texlive/2017/texmf-dist/tex/generic/babel/babel.sty
Package: babel 2017/05/19 3.10 The Babel package

(/usr/local/texlive/2017/texmf-dist/tex/generic/babel-italian/italian.ldf
Language: italian 2015/03/26 v1.3n Italian support from the babel system

(/usr/local/texlive/2017/texmf-dist/tex/generic/babel/babel.def
File: babel.def 2017/05/19 3.10 Babel common definitions
\babel@savecnt=\count88
\U@D=\dimen103
)
\it@lettering=\count89
\it@doublequoteactive=\count90
\it@ISOcompliance=\count91
))
(/usr/local/texlive/2017/texmf-dist/tex/latex/etoolbox/etoolbox.sty
Package: etoolbox 2017/01/02 v2.4 e-TeX tools for LaTeX (JAW)
\etb@tempcnta=\count92
)
(/usr/local/texlive/2017/texmf-dist/tex/latex/base/inputenc.sty
Package: inputenc 2015/03/17 v1.2c Input encoding file
\inpenc@prehook=\toks14
\inpenc@posthook=\toks15

(/usr/local/texlive/2017/texmf-dist/tex/latex/base/utf8.def
File: utf8.def 2017/01/28 v1.1t UTF-8 support for inputenc
Now handling font encoding OML ...
... no UTF-8 mapping file for font encoding OML
Now handling font encoding T1 ...
... processing UTF-8 mapping file for font encoding T1

(/usr/local/texlive/2017/texmf-dist/tex/latex/base/t1enc.dfu
File: t1enc.dfu 2017/01/28 v1.1t UTF-8 support for inputenc
   defining Unicode char U+00A0 (decimal 160)
   defining Unicode char U+00A1 (decimal 161)
   defining Unicode char U+00A3 (decimal 163)
   defining Unicode char U+00AB (decimal 171)
   defining Unicode char U+00AD (decimal 173)
   defining Unicode char U+00BB (decimal 187)
   defining Unicode char U+00BF (decimal 191)
   defining Unicode char U+00C0 (decimal 192)
   defining Unicode char U+00C1 (decimal 193)
   defining Unicode char U+00C2 (decimal 194)
   defining Unicode char U+00C3 (decimal 195)
   defining Unicode char U+00C4 (decimal 196)
   defining Unicode char U+00C5 (decimal 197)
   defining Unicode char U+00C6 (decimal 198)
   defining Unicode char U+00C7 (decimal 199)
   defining Unicode char U+00C8 (decimal 200)
   defining Unicode char U+00C9 (decimal 201)
   defining Unicode char U+00CA (decimal 202)
   defining Unicode char U+00CB (decimal 203)
   defining Unicode char U+00CC (decimal 204)
   defining Unicode char U+00CD (decimal 205)
   defining Unicode char U+00CE (decimal 206)
   defining Unicode char U+00CF (decimal 207)
   defining Unicode char U+00D0 (decimal 208)
   defining Unicode char U+00D1 (decimal 209)
   defining Unicode char U+00D2 (decimal 210)
   defining Unicode char U+00D3 (decimal 211)
   defining Unicode char U+00D4 (decimal 212)
   defining Unicode char U+00D5 (decimal 213)
   defining Unicode char U+00D6 (decimal 214)
   defining Unicode char U+00D8 (decimal 216)
   defining Unicode char U+00D9 (decimal 217)
   defining Unicode char U+00DA (decimal 218)
   defining Unicode char U+00DB (decimal 219)
   defining Unicode char U+00DC (decimal 220)
   defining Unicode char U+00DD (decimal 221)
   defining Unicode char U+00DE (decimal 222)
   defining Unicode char U+00DF (decimal 223)
   defining Unicode char U+00E0 (decimal 224)
   defining Unicode char U+00E1 (decimal 225)
   defining Unicode char U+00E2 (decimal 226)
   defining Unicode char U+00E3 (decimal 227)
   defining Unicode char U+00E4 (decimal 228)
   defining Unicode char U+00E5 (decimal 229)
   defining Unicode char U+00E6 (decimal 230)
   defining Unicode char U+00E7 (decimal 231)
   defining Unicode char U+00E8 (decimal 232)
   defining Unicode char U+00E9 (decimal 233)
   defining Unicode char U+00EA (decimal 234)
   defining Unicode char U+00EB (decimal 235)
   defining Unicode char U+00EC (decimal 236)
   defining Unicode char U+00ED (decimal 237)
   defining Unicode char U+00EE (decimal 238)
   defining Unicode char U+00EF (decimal 239)
   defining Unicode char U+00F0 (decimal 240)
   defining Unicode char U+00F1 (decimal 241)
   defining Unicode char U+00F2 (decimal 242)
   defining Unicode char U+00F3 (decimal 243)
   defining Unicode char U+00F4 (decimal 244)
   defining Unicode char U+00F5 (decimal 245)
   defining Unicode char U+00F6 (decimal 246)
   defining Unicode char U+00F8 (decimal 248)
   defining Unicode char U+00F9 (decimal 249)
   defining Unicode char U+00FA (decimal 250)
   defining Unicode char U+00FB (decimal 251)
   defining Unicode char U+00FC (decimal 252)
   defining Unicode char U+00FD (decimal 253)
   defining Unicode char U+00FE (decimal 254)
   defining Unicode char U+00FF (decimal 255)
   defining Unicode char U+0100 (decimal 256)
   defining Unicode char U+0101 (decimal 257)
   defining Unicode char U+0102 (decimal 258)
   defining Unicode char U+0103 (decimal 259)
   defining Unicode char U+0104 (decimal 260)
   defining Unicode char U+0105 (decimal 261)
   defining Unicode char U+0106 (decimal 262)
   defining Unicode char U+0107 (decimal 263)
   defining Unicode char U+0108 (decimal 264)
   defining Unicode char U+0109 (decimal 265)
   defining Unicode char U+010A (decimal 266)
   defining Unicode char U+010B (decimal 267)
   defining Unicode char U+010C (decimal 268)
   defining Unicode char U+010D (decimal 269)
   defining Unicode char U+010E (decimal 270)
   defining Unicode char U+010F (decimal 271)
   defining Unicode char U+0110 (decimal 272)
   defining Unicode char U+0111 (decimal 273)
   defining Unicode char U+0112 (decimal 274)
   defining Unicode char U+0113 (decimal 275)
   defining Unicode char U+0114 (decimal 276)
   defining Unicode char U+0115 (decimal 277)
   defining Unicode char U+0116 (decimal 278)
   defining Unicode char U+0117 (decimal 279)
   defining Unicode char U+0118 (decimal 280)
   defining Unicode char U+0119 (decimal 281)
   defining Unicode char U+011A (decimal 282)
   defining Unicode char U+011B (decimal 283)
   defining Unicode char U+011C (decimal 284)
   defining Unicode char U+011D (decimal 285)
   defining Unicode char U+011E (decimal 286)
   defining Unicode char U+011F (decimal 287)
   defining Unicode char U+0120 (decimal 288)
   defining Unicode char U+0121 (decimal 289)
   defining Unicode char U+0122 (decimal 290)
   defining Unicode char U+0123 (decimal 291)
   defining Unicode char U+0124 (decimal 292)
   defining Unicode char U+0125 (decimal 293)
   defining Unicode char U+0128 (decimal 296)
   defining Unicode char U+0129 (decimal 297)
   defining Unicode char U+012A (decimal 298)
   defining Unicode char U+012B (decimal 299)
   defining Unicode char U+012C (decimal 300)
   defining Unicode char U+012D (decimal 301)
   defining Unicode char U+012E (decimal 302)
   defining Unicode char U+012F (decimal 303)
   defining Unicode char U+0130 (decimal 304)
   defining Unicode char U+0131 (decimal 305)
   defining Unicode char U+0132 (decimal 306)
   defining Unicode char U+0133 (decimal 307)
   defining Unicode char U+0134 (decimal 308)
   defining Unicode char U+0135 (decimal 309)
   defining Unicode char U+0136 (decimal 310)
   defining Unicode char U+0137 (decimal 311)
   defining Unicode char U+0139 (decimal 313)
   defining Unicode char U+013A (decimal 314)
   defining Unicode char U+013B (decimal 315)
   defining Unicode char U+013C (decimal 316)
   defining Unicode char U+013D (decimal 317)
   defining Unicode char U+013E (decimal 318)
   defining Unicode char U+0141 (decimal 321)
   defining Unicode char U+0142 (decimal 322)
   defining Unicode char U+0143 (decimal 323)
   defining Unicode char U+0144 (decimal 324)
   defining Unicode char U+0145 (decimal 325)
   defining Unicode char U+0146 (decimal 326)
   defining Unicode char U+0147 (decimal 327)
   defining Unicode char U+0148 (decimal 328)
   defining Unicode char U+014A (decimal 330)
   defining Unicode char U+014B (decimal 331)
   defining Unicode char U+014C (decimal 332)
   defining Unicode char U+014D (decimal 333)
   defining Unicode char U+014E (decimal 334)
   defining Unicode char U+014F (decimal 335)
   defining Unicode char U+0150 (decimal 336)
   defining Unicode char U+0151 (decimal 337)
   defining Unicode char U+0152 (decimal 338)
   defining Unicode char U+0153 (decimal 339)
   defining Unicode char U+0154 (decimal 340)
   defining Unicode char U+0155 (decimal 341)
   defining Unicode char U+0156 (decimal 342)
   defining Unicode char U+0157 (decimal 343)
   defining Unicode char U+0158 (decimal 344)
   defining Unicode char U+0159 (decimal 345)
   defining Unicode char U+015A (decimal 346)
   defining Unicode char U+015B (decimal 347)
   defining Unicode char U+015C (decimal 348)
   defining Unicode char U+015D (decimal 349)
   defining Unicode char U+015E (decimal 350)
   defining Unicode char U+015F (decimal 351)
   defining Unicode char U+0160 (decimal 352)
   defining Unicode char U+0161 (decimal 353)
   defining Unicode char U+0162 (decimal 354)
   defining Unicode char U+0163 (decimal 355)
   defining Unicode char U+0164 (decimal 356)
   defining Unicode char U+0165 (decimal 357)
   defining Unicode char U+0168 (decimal 360)
   defining Unicode char U+0169 (decimal 361)
   defining Unicode char U+016A (decimal 362)
   defining Unicode char U+016B (decimal 363)
   defining Unicode char U+016C (decimal 364)
   defining Unicode char U+016D (decimal 365)
   defining Unicode char U+016E (decimal 366)
   defining Unicode char U+016F (decimal 367)
   defining Unicode char U+0170 (decimal 368)
   defining Unicode char U+0171 (decimal 369)
   defining Unicode char U+0172 (decimal 370)
   defining Unicode char U+0173 (decimal 371)
   defining Unicode char U+0174 (decimal 372)
   defining Unicode char U+0175 (decimal 373)
   defining Unicode char U+0176 (decimal 374)
   defining Unicode char U+0177 (decimal 375)
   defining Unicode char U+0178 (decimal 376)
   defining Unicode char U+0179 (decimal 377)
   defining Unicode char U+017A (decimal 378)
   defining Unicode char U+017B (decimal 379)
   defining Unicode char U+017C (decimal 380)
   defining Unicode char U+017D (decimal 381)
   defining Unicode char U+017E (decimal 382)
   defining Unicode char U+01CD (decimal 461)
   defining Unicode char U+01CE (decimal 462)
   defining Unicode char U+01CF (decimal 463)
   defining Unicode char U+01D0 (decimal 464)
   defining Unicode char U+01D1 (decimal 465)
   defining Unicode char U+01D2 (decimal 466)
   defining Unicode char U+01D3 (decimal 467)
   defining Unicode char U+01D4 (decimal 468)
   defining Unicode char U+01E2 (decimal 482)
   defining Unicode char U+01E3 (decimal 483)
   defining Unicode char U+01E6 (decimal 486)
   defining Unicode char U+01E7 (decimal 487)
   defining Unicode char U+01E8 (decimal 488)
   defining Unicode char U+01E9 (decimal 489)
   defining Unicode char U+01EA (decimal 490)
   defining Unicode char U+01EB (decimal 491)
   defining Unicode char U+01F0 (decimal 496)
   defining Unicode char U+01F4 (decimal 500)
   defining Unicode char U+01F5 (decimal 501)
   defining Unicode char U+0218 (decimal 536)
   defining Unicode char U+0219 (decimal 537)
   defining Unicode char U+021A (decimal 538)
   defining Unicode char U+021B (decimal 539)
   defining Unicode char U+0232 (decimal 562)
   defining Unicode char U+0233 (decimal 563)
   defining Unicode char U+1E02 (decimal 7682)
   defining Unicode char U+1E03 (decimal 7683)
   defining Unicode char U+200C (decimal 8204)
   defining Unicode char U+2010 (decimal 8208)
   defining Unicode char U+2011 (decimal 8209)
   defining Unicode char U+2012 (decimal 8210)
   defining Unicode char U+2013 (decimal 8211)
   defining Unicode char U+2014 (decimal 8212)
   defining Unicode char U+2015 (decimal 8213)
   defining Unicode char U+2018 (decimal 8216)
   defining Unicode char U+2019 (decimal 8217)
   defining Unicode char U+201A (decimal 8218)
   defining Unicode char U+201C (decimal 8220)
   defining Unicode char U+201D (decimal 8221)
   defining Unicode char U+201E (decimal 8222)
   defining Unicode char U+2030 (decimal 8240)
   defining Unicode char U+2031 (decimal 8241)
   defining Unicode char U+2039 (decimal 8249)
   defining Unicode char U+203A (decimal 8250)
   defining Unicode char U+2423 (decimal 9251)
   defining Unicode char U+1E20 (decimal 7712)
   defining Unicode char U+1E21 (decimal 7713)
)
Now handling font encoding OT1 ...
... processing UTF-8 mapping file for font encoding OT1

(/usr/local/texlive/2017/texmf-dist/tex/latex/base/ot1enc.dfu
File: ot1enc.dfu 2017/01/28 v1.1t UTF-8 support for inputenc
   defining Unicode char U+00A0 (decimal 160)
   defining Unicode char U+00A1 (decimal 161)
   defining Unicode char U+00A3 (decimal 163)
   defining Unicode char U+00AD (decimal 173)
   defining Unicode char U+00B8 (decimal 184)
   defining Unicode char U+00BF (decimal 191)
   defining Unicode char U+00C5 (decimal 197)
   defining Unicode char U+00C6 (decimal 198)
   defining Unicode char U+00D8 (decimal 216)
   defining Unicode char U+00DF (decimal 223)
   defining Unicode char U+00E6 (decimal 230)
   defining Unicode char U+00EC (decimal 236)
   defining Unicode char U+00ED (decimal 237)
   defining Unicode char U+00EE (decimal 238)
   defining Unicode char U+00EF (decimal 239)
   defining Unicode char U+00F8 (decimal 248)
   defining Unicode char U+0131 (decimal 305)
   defining Unicode char U+0141 (decimal 321)
   defining Unicode char U+0142 (decimal 322)
   defining Unicode char U+0152 (decimal 338)
   defining Unicode char U+0153 (decimal 339)
   defining Unicode char U+0174 (decimal 372)
   defining Unicode char U+0175 (decimal 373)
   defining Unicode char U+0176 (decimal 374)
   defining Unicode char U+0177 (decimal 375)
   defining Unicode char U+0218 (decimal 536)
   defining Unicode char U+0219 (decimal 537)
   defining Unicode char U+021A (decimal 538)
   defining Unicode char U+021B (decimal 539)
   defining Unicode char U+2013 (decimal 8211)
   defining Unicode char U+2014 (decimal 8212)
   defining Unicode char U+2018 (decimal 8216)
   defining Unicode char U+2019 (decimal 8217)
   defining Unicode char U+201C (decimal 8220)
   defining Unicode char U+201D (decimal 8221)
)
Now handling font encoding OMS ...
... processing UTF-8 mapping file for font encoding OMS

(/usr/local/texlive/2017/texmf-dist/tex/latex/base/omsenc.dfu
File: omsenc.dfu 2017/01/28 v1.1t UTF-8 support for inputenc
   defining Unicode char U+00A7 (decimal 167)
   defining Unicode char U+00B6 (decimal 182)
   defining Unicode char U+00B7 (decimal 183)
   defining Unicode char U+2020 (decimal 8224)
   defining Unicode char U+2021 (decimal 8225)
   defining Unicode char U+2022 (decimal 8226)
)
Now handling font encoding OMX ...
... no UTF-8 mapping file for font encoding OMX
Now handling font encoding U ...
... no UTF-8 mapping file for font encoding U
   defining Unicode char U+00A9 (decimal 169)
   defining Unicode char U+00AA (decimal 170)
   defining Unicode char U+00AE (decimal 174)
   defining Unicode char U+00BA (decimal 186)
   defining Unicode char U+02C6 (decimal 710)
   defining Unicode char U+02DC (decimal 732)
   defining Unicode char U+200C (decimal 8204)
   defining Unicode char U+2026 (decimal 8230)
   defining Unicode char U+2122 (decimal 8482)
   defining Unicode char U+2423 (decimal 9251)
))
(/usr/local/texlive/2017/texmf-dist/tex/latex/amsmath/amsmath.sty
Package: amsmath 2016/11/05 v2.16a AMS math features
\@mathmargin=\skip43

For additional information on amsmath, use the `?' option.
(/usr/local/texlive/2017/texmf-dist/tex/latex/amsmath/amstext.sty
Package: amstext 2000/06/29 v2.01 AMS text

(/usr/local/texlive/2017/texmf-dist/tex/latex/amsmath/amsgen.sty
File: amsgen.sty 1999/11/30 v2.0 generic functions
\@emptytoks=\toks16
\ex@=\dimen104
))
(/usr/local/texlive/2017/texmf-dist/tex/latex/amsmath/amsbsy.sty
Package: amsbsy 1999/11/29 v1.2d Bold Symbols
\pmbraise@=\dimen105
)
(/usr/local/texlive/2017/texmf-dist/tex/latex/amsmath/amsopn.sty
Package: amsopn 2016/03/08 v2.02 operator names
)
\inf@bad=\count93
LaTeX Info: Redefining \frac on input line 213.
\uproot@=\count94
\leftroot@=\count95
LaTeX Info: Redefining \overline on input line 375.
\classnum@=\count96
\DOTSCASE@=\count97
LaTeX Info: Redefining \ldots on input line 472.
LaTeX Info: Redefining \dots on input line 475.
LaTeX Info: Redefining \cdots on input line 596.
\Mathstrutbox@=\box26
\strutbox@=\box27
\big@size=\dimen106
LaTeX Font Info:    Redeclaring font encoding OML on input line 712.
LaTeX Font Info:    Redeclaring font encoding OMS on input line 713.
\macc@depth=\count98
\c@MaxMatrixCols=\count99
\dotsspace@=\muskip10
\c@parentequation=\count100
\dspbrk@lvl=\count101
\tag@help=\toks17
\row@=\count102
\column@=\count103
\maxfields@=\count104
\andhelp@=\toks18
\eqnshift@=\dimen107
\alignsep@=\dimen108
\tagshift@=\dimen109
\tagwidth@=\dimen110
\totwidth@=\dimen111
\lineht@=\dimen112
\@envbody=\toks19
\multlinegap=\skip44
\multlinetaggap=\skip45
\mathdisplay@stack=\toks20
LaTeX Info: Redefining \[ on input line 2817.
LaTeX Info: Redefining \] on input line 2818.
)
(/usr/local/texlive/2017/texmf-dist/tex/latex/amsfonts/amsfonts.sty
Package: amsfonts 2013/01/14 v3.01 Basic AMSFonts support
\symAMSa=\mathgroup4
\symAMSb=\mathgroup5
LaTeX Font Info:    Overwriting math alphabet `\mathfrak' in version `bold'
(Font)                  U/euf/m/n --> U/euf/b/n on input line 106.
)
(/usr/local/texlive/2017/texmf-dist/tex/latex/amsfonts/amssymb.sty
Package: amssymb 2013/01/14 v3.01 AMS font symbols
)
(/usr/local/texlive/2017/texmf-dist/tex/latex/amscls/amsthm.sty
Package: amsthm 2015/03/04 v2.20.2
\thm@style=\toks21
\thm@bodyfont=\toks22
\thm@headfont=\toks23
\thm@notefont=\toks24
\thm@headpunct=\toks25
\thm@preskip=\skip46
\thm@postskip=\skip47
\thm@headsep=\skip48
\dth@everypar=\toks26
)
(/usr/local/texlive/2017/texmf-dist/tex/latex/titlesec/titlesec.sty
Package: titlesec 2016/03/21 v2.10.2 Sectioning titles
\ttl@box=\box28
\beforetitleunit=\skip49
\aftertitleunit=\skip50
\ttl@plus=\dimen113
\ttl@minus=\dimen114
\ttl@toksa=\toks27
\titlewidth=\dimen115
\titlewidthlast=\dimen116
\titlewidthfirst=\dimen117
)
(/usr/local/texlive/2017/texmf-dist/tex/latex/tools/multicol.sty
Package: multicol 2017/04/11 v1.8q multicolumn formatting (FMi)
\c@tracingmulticols=\count105
\mult@box=\box29
\multicol@leftmargin=\dimen118
\c@unbalance=\count106
\c@collectmore=\count107
\doublecol@number=\count108
\multicoltolerance=\count109
\multicolpretolerance=\count110
\full@width=\dimen119
\page@free=\dimen120
\premulticols=\dimen121
\postmulticols=\dimen122
\multicolsep=\skip51
\multicolbaselineskip=\skip52
\partial@page=\box30
\last@line=\box31
\maxbalancingoverflow=\dimen123
\mult@rightbox=\box32
\mult@grightbox=\box33
\mult@gfirstbox=\box34
\mult@firstbox=\box35
\@tempa=\box36
\@tempa=\box37
\@tempa=\box38
\@tempa=\box39
\@tempa=\box40
\@tempa=\box41
\@tempa=\box42
\@tempa=\box43
\@tempa=\box44
\@tempa=\box45
\@tempa=\box46
\@tempa=\box47
\@tempa=\box48
\@tempa=\box49
\@tempa=\box50
\@tempa=\box51
\@tempa=\box52
\c@columnbadness=\count111
\c@finalcolumnbadness=\count112
\last@try=\dimen124
\multicolovershoot=\dimen125
\multicolundershoot=\dimen126
\mult@nat@firstbox=\box53
\colbreak@box=\box54
\mc@col@check@num=\count113
)
(/usr/local/texlive/2017/texmf-dist/tex/latex/lettrine/lettrine.sty
File: lettrine.sty 2015/08/31 v1.9 (Daniel Flipo)

(/usr/local/texlive/2017/texmf-dist/tex/latex/graphics/keyval.sty
Package: keyval 2014/10/28 v1.15 key=value parser (DPC)
\KV@toks@=\toks28
)
\c@DefaultLines=\count114
\c@DefaultDepth=\count115
\DefaultFindent=\dimen127
\DefaultNindent=\dimen128
\DefaultSlope=\dimen129
\DiscardVskip=\dimen130
\L@lbox=\box55
\L@tbox=\box56
\c@L@lines=\count116
\c@L@depth=\count117
\L@Pindent=\dimen131
\L@Findent=\dimen132
\L@Nindent=\dimen133
\L@lraise=\dimen134
\L@first=\dimen135
\L@next=\dimen136
\L@slope=\dimen137
\L@height=\dimen138
\L@novskip=\dimen139
\LettrineWidth=\dimen140
\LettrineHeight=\dimen141
\LettrineDepth=\dimen142

Loading lettrine.cfg
(/usr/local/texlive/2017/texmf-dist/tex/latex/lettrine/lettrine.cfg))
(/usr/local/texlive/2017/texmf-dist/tex/latex/booktabs/booktabs.sty
Package: booktabs 2016/04/27 v1.618033 publication quality tables
\heavyrulewidth=\dimen143
\lightrulewidth=\dimen144
\cmidrulewidth=\dimen145
\belowrulesep=\dimen146
\belowbottomsep=\dimen147
\aboverulesep=\dimen148
\abovetopsep=\dimen149
\cmidrulesep=\dimen150
\cmidrulekern=\dimen151
\defaultaddspace=\dimen152
\@cmidla=\count118
\@cmidlb=\count119
\@aboverulesep=\dimen153
\@belowrulesep=\dimen154
\@thisruleclass=\count120
\@lastruleclass=\count121
\@thisrulewidth=\dimen155
)
(/usr/local/texlive/2017/texmf-dist/tex/latex/fancyhdr/fancyhdr.sty
Package: fancyhdr 2016/09/06 3.8 Extensive control of page headers and footers
\fancy@headwidth=\skip53
\f@ncyO@elh=\skip54
\f@ncyO@erh=\skip55
\f@ncyO@olh=\skip56
\f@ncyO@orh=\skip57
\f@ncyO@elf=\skip58
\f@ncyO@erf=\skip59
\f@ncyO@olf=\skip60
\f@ncyO@orf=\skip61
)
(/usr/local/texlive/2017/texmf-dist/tex/latex/listings/listings.sty
\lst@mode=\count122
\lst@gtempboxa=\box57
\lst@token=\toks29
\lst@length=\count123
\lst@currlwidth=\dimen156
\lst@column=\count124
\lst@pos=\count125
\lst@lostspace=\dimen157
\lst@width=\dimen158
\lst@newlines=\count126
\lst@lineno=\count127
\lst@maxwidth=\dimen159

(/usr/local/texlive/2017/texmf-dist/tex/latex/listings/lstmisc.sty
File: lstmisc.sty 2015/06/04 1.6 (Carsten Heinz)
\c@lstnumber=\count128
\lst@skipnumbers=\count129
\lst@framebox=\box58
)
(/usr/local/texlive/2017/texmf-dist/tex/latex/listings/listings.cfg
File: listings.cfg 2015/06/04 1.6 listings configuration
))
Package: listings 2015/06/04 1.6 (Carsten Heinz)

(/usr/local/texlive/2017/texmf-dist/tex/latex/stmaryrd/stmaryrd.sty
Package: stmaryrd 1994/03/03 St Mary's Road symbol package
\symstmry=\mathgroup6
LaTeX Font Info:    Overwriting symbol font `stmry' in version `bold'
(Font)                  U/stmry/m/n --> U/stmry/b/n on input line 89.
)
(/usr/local/texlive/2017/texmf-dist/tex/latex/changepage/changepage.sty
Package: changepage 2009/10/20 v1.0c check page and change page layout
\c@cp@cntr=\count130
\cp@tempcnt=\count131
)
(/usr/local/texlive/2017/texmf-dist/tex/latex/libertine/libertine.sty
Package: libertine 2017/03/22 (Bob Tennent) Supports Libertine and Biolinum fon
ts for all LaTeX engines.

(/usr/local/texlive/2017/texmf-dist/tex/generic/ifxetex/ifxetex.sty
Package: ifxetex 2010/09/12 v0.6 Provides ifxetex conditional
)
(/usr/local/texlive/2017/texmf-dist/tex/generic/oberdiek/ifluatex.sty
Package: ifluatex 2016/05/16 v1.4 Provides the ifluatex switch (HO)
Package ifluatex Info: LuaTeX not detected.
)
(/usr/local/texlive/2017/texmf-dist/tex/latex/xkeyval/xkeyval.sty
Package: xkeyval 2014/12/03 v2.7a package option processing (HA)

(/usr/local/texlive/2017/texmf-dist/tex/generic/xkeyval/xkeyval.tex
(/usr/local/texlive/2017/texmf-dist/tex/generic/xkeyval/xkvutils.tex
\XKV@toks=\toks30
\XKV@tempa@toks=\toks31
)
\XKV@depth=\count132
File: xkeyval.tex 2014/12/03 v2.7a key=value parser (HA)
))
(/usr/local/texlive/2017/texmf-dist/tex/latex/base/textcomp.sty
Package: textcomp 2017/04/05 v2.0i Standard LaTeX package
Package textcomp Info: Sub-encoding information:
(textcomp)               5 = only ISO-Adobe without \textcurrency
(textcomp)               4 = 5 + \texteuro
(textcomp)               3 = 4 + \textohm
(textcomp)               2 = 3 + \textestimated + \textcurrency
(textcomp)               1 = TS1 - \textcircled - \t
(textcomp)               0 = TS1 (full)
(textcomp)             Font families with sub-encoding setting implement
(textcomp)             only a restricted character set as indicated.
(textcomp)             Family '?' is the default used for unknown fonts.
(textcomp)             See the documentation for details.
Package textcomp Info: Setting ? sub-encoding to TS1/1 on input line 79.

(/usr/local/texlive/2017/texmf-dist/tex/latex/base/ts1enc.def
File: ts1enc.def 2001/06/05 v3.0e (jk/car/fm) Standard LaTeX file
Now handling font encoding TS1 ...
... processing UTF-8 mapping file for font encoding TS1

(/usr/local/texlive/2017/texmf-dist/tex/latex/base/ts1enc.dfu
File: ts1enc.dfu 2017/01/28 v1.1t UTF-8 support for inputenc
   defining Unicode char U+00A2 (decimal 162)
   defining Unicode char U+00A3 (decimal 163)
   defining Unicode char U+00A4 (decimal 164)
   defining Unicode char U+00A5 (decimal 165)
   defining Unicode char U+00A6 (decimal 166)
   defining Unicode char U+00A7 (decimal 167)
   defining Unicode char U+00A8 (decimal 168)
   defining Unicode char U+00A9 (decimal 169)
   defining Unicode char U+00AA (decimal 170)
   defining Unicode char U+00AC (decimal 172)
   defining Unicode char U+00AE (decimal 174)
   defining Unicode char U+00AF (decimal 175)
   defining Unicode char U+00B0 (decimal 176)
   defining Unicode char U+00B1 (decimal 177)
   defining Unicode char U+00B2 (decimal 178)
   defining Unicode char U+00B3 (decimal 179)
   defining Unicode char U+00B4 (decimal 180)
   defining Unicode char U+00B5 (decimal 181)
   defining Unicode char U+00B6 (decimal 182)
   defining Unicode char U+00B7 (decimal 183)
   defining Unicode char U+00B9 (decimal 185)
   defining Unicode char U+00BA (decimal 186)
   defining Unicode char U+00BC (decimal 188)
   defining Unicode char U+00BD (decimal 189)
   defining Unicode char U+00BE (decimal 190)
   defining Unicode char U+00D7 (decimal 215)
   defining Unicode char U+00F7 (decimal 247)
   defining Unicode char U+0192 (decimal 402)
   defining Unicode char U+02C7 (decimal 711)
   defining Unicode char U+02D8 (decimal 728)
   defining Unicode char U+02DD (decimal 733)
   defining Unicode char U+0E3F (decimal 3647)
   defining Unicode char U+2016 (decimal 8214)
   defining Unicode char U+2020 (decimal 8224)
   defining Unicode char U+2021 (decimal 8225)
   defining Unicode char U+2022 (decimal 8226)
   defining Unicode char U+2030 (decimal 8240)
   defining Unicode char U+2031 (decimal 8241)
   defining Unicode char U+203B (decimal 8251)
   defining Unicode char U+203D (decimal 8253)
   defining Unicode char U+2044 (decimal 8260)
   defining Unicode char U+204E (decimal 8270)
   defining Unicode char U+2052 (decimal 8274)
   defining Unicode char U+20A1 (decimal 8353)
   defining Unicode char U+20A4 (decimal 8356)
   defining Unicode char U+20A6 (decimal 8358)
   defining Unicode char U+20A9 (decimal 8361)
   defining Unicode char U+20AB (decimal 8363)
   defining Unicode char U+20AC (decimal 8364)
   defining Unicode char U+20B1 (decimal 8369)
   defining Unicode char U+2103 (decimal 8451)
   defining Unicode char U+2116 (decimal 8470)
   defining Unicode char U+2117 (decimal 8471)
   defining Unicode char U+211E (decimal 8478)
   defining Unicode char U+2120 (decimal 8480)
   defining Unicode char U+2122 (decimal 8482)
   defining Unicode char U+2126 (decimal 8486)
   defining Unicode char U+2127 (decimal 8487)
   defining Unicode char U+212E (decimal 8494)
   defining Unicode char U+2190 (decimal 8592)
   defining Unicode char U+2191 (decimal 8593)
   defining Unicode char U+2192 (decimal 8594)
   defining Unicode char U+2193 (decimal 8595)
   defining Unicode char U+2329 (decimal 9001)
   defining Unicode char U+232A (decimal 9002)
   defining Unicode char U+2422 (decimal 9250)
   defining Unicode char U+25E6 (decimal 9702)
   defining Unicode char U+25EF (decimal 9711)
   defining Unicode char U+266A (decimal 9834)
))
LaTeX Info: Redefining \oldstylenums on input line 334.
Package textcomp Info: Setting cmr sub-encoding to TS1/0 on input line 349.
Package textcomp Info: Setting cmss sub-encoding to TS1/0 on input line 350.
Package textcomp Info: Setting cmtt sub-encoding to TS1/0 on input line 351.
Package textcomp Info: Setting cmvtt sub-encoding to TS1/0 on input line 352.
Package textcomp Info: Setting cmbr sub-encoding to TS1/0 on input line 353.
Package textcomp Info: Setting cmtl sub-encoding to TS1/0 on input line 354.
Package textcomp Info: Setting ccr sub-encoding to TS1/0 on input line 355.
Package textcomp Info: Setting ptm sub-encoding to TS1/4 on input line 356.
Package textcomp Info: Setting pcr sub-encoding to TS1/4 on input line 357.
Package textcomp Info: Setting phv sub-encoding to TS1/4 on input line 358.
Package textcomp Info: Setting ppl sub-encoding to TS1/3 on input line 359.
Package textcomp Info: Setting pag sub-encoding to TS1/4 on input line 360.
Package textcomp Info: Setting pbk sub-encoding to TS1/4 on input line 361.
Package textcomp Info: Setting pnc sub-encoding to TS1/4 on input line 362.
Package textcomp Info: Setting pzc sub-encoding to TS1/4 on input line 363.
Package textcomp Info: Setting bch sub-encoding to TS1/4 on input line 364.
Package textcomp Info: Setting put sub-encoding to TS1/5 on input line 365.
Package textcomp Info: Setting uag sub-encoding to TS1/5 on input line 366.
Package textcomp Info: Setting ugq sub-encoding to TS1/5 on input line 367.
Package textcomp Info: Setting ul8 sub-encoding to TS1/4 on input line 368.
Package textcomp Info: Setting ul9 sub-encoding to TS1/4 on input line 369.
Package textcomp Info: Setting augie sub-encoding to TS1/5 on input line 370.
Package textcomp Info: Setting dayrom sub-encoding to TS1/3 on input line 371.
Package textcomp Info: Setting dayroms sub-encoding to TS1/3 on input line 372.

Package textcomp Info: Setting pxr sub-encoding to TS1/0 on input line 373.
Package textcomp Info: Setting pxss sub-encoding to TS1/0 on input line 374.
Package textcomp Info: Setting pxtt sub-encoding to TS1/0 on input line 375.
Package textcomp Info: Setting txr sub-encoding to TS1/0 on input line 376.
Package textcomp Info: Setting txss sub-encoding to TS1/0 on input line 377.
Package textcomp Info: Setting txtt sub-encoding to TS1/0 on input line 378.
Package textcomp Info: Setting lmr sub-encoding to TS1/0 on input line 379.
Package textcomp Info: Setting lmdh sub-encoding to TS1/0 on input line 380.
Package textcomp Info: Setting lmss sub-encoding to TS1/0 on input line 381.
Package textcomp Info: Setting lmssq sub-encoding to TS1/0 on input line 382.
Package textcomp Info: Setting lmvtt sub-encoding to TS1/0 on input line 383.
Package textcomp Info: Setting lmtt sub-encoding to TS1/0 on input line 384.
Package textcomp Info: Setting qhv sub-encoding to TS1/0 on input line 385.
Package textcomp Info: Setting qag sub-encoding to TS1/0 on input line 386.
Package textcomp Info: Setting qbk sub-encoding to TS1/0 on input line 387.
Package textcomp Info: Setting qcr sub-encoding to TS1/0 on input line 388.
Package textcomp Info: Setting qcs sub-encoding to TS1/0 on input line 389.
Package textcomp Info: Setting qpl sub-encoding to TS1/0 on input line 390.
Package textcomp Info: Setting qtm sub-encoding to TS1/0 on input line 391.
Package textcomp Info: Setting qzc sub-encoding to TS1/0 on input line 392.
Package textcomp Info: Setting qhvc sub-encoding to TS1/0 on input line 393.
Package textcomp Info: Setting futs sub-encoding to TS1/4 on input line 394.
Package textcomp Info: Setting futx sub-encoding to TS1/4 on input line 395.
Package textcomp Info: Setting futj sub-encoding to TS1/4 on input line 396.
Package textcomp Info: Setting hlh sub-encoding to TS1/3 on input line 397.
Package textcomp Info: Setting hls sub-encoding to TS1/3 on input line 398.
Package textcomp Info: Setting hlst sub-encoding to TS1/3 on input line 399.
Package textcomp Info: Setting hlct sub-encoding to TS1/5 on input line 400.
Package textcomp Info: Setting hlx sub-encoding to TS1/5 on input line 401.
Package textcomp Info: Setting hlce sub-encoding to TS1/5 on input line 402.
Package textcomp Info: Setting hlcn sub-encoding to TS1/5 on input line 403.
Package textcomp Info: Setting hlcw sub-encoding to TS1/5 on input line 404.
Package textcomp Info: Setting hlcf sub-encoding to TS1/5 on input line 405.
Package textcomp Info: Setting pplx sub-encoding to TS1/3 on input line 406.
Package textcomp Info: Setting pplj sub-encoding to TS1/3 on input line 407.
Package textcomp Info: Setting ptmx sub-encoding to TS1/4 on input line 408.
Package textcomp Info: Setting ptmj sub-encoding to TS1/4 on input line 409.
)
(/usr/local/texlive/2017/texmf-dist/tex/latex/mweights/mweights.sty
Package: mweights 2017/03/30 (Bob Tennent) Support package for multiple-weight 
font packages. 
LaTeX Info: Redefining \bfseries on input line 22.
LaTeX Info: Redefining \mdseries on input line 30.
LaTeX Info: Redefining \rmfamily on input line 38.
LaTeX Info: Redefining \sffamily on input line 66.
LaTeX Info: Redefining \ttfamily on input line 94.
)
(/usr/local/texlive/2017/texmf-dist/tex/latex/base/fontenc.sty
Package: fontenc 2017/04/05 v2.0i Standard LaTeX package
)
(/usr/local/texlive/2017/texmf-dist/tex/latex/fontaxes/fontaxes.sty
Package: fontaxes 2014/03/23 v1.0d Font selection axes
LaTeX Info: Redefining \upshape on input line 29.
LaTeX Info: Redefining \itshape on input line 31.
LaTeX Info: Redefining \slshape on input line 33.
LaTeX Info: Redefining \scshape on input line 37.
)
LaTeX Info: Redefining \oldstylenums on input line 481.

(/usr/local/texlive/2017/texmf-dist/tex/latex/libertine/LinLibertine_I.tex))
(/usr/local/texlive/2017/texmf-dist/tex/latex/float/float.sty
Package: float 2001/11/08 v1.3d Float enhancements (AL)
\c@float@type=\count133
\float@exts=\toks32
\float@box=\box59
\@float@everytoks=\toks33
\@floatcapt=\box60
)
(/usr/local/texlive/2017/texmf-dist/tex/latex/makecell/makecell.sty
Package: makecell 2009/08/03 V0.1e Managing of Tab Column Heads and Cells

(/usr/local/texlive/2017/texmf-dist/tex/latex/tools/array.sty
Package: array 2016/10/06 v2.4d Tabular extension package (FMi)
\col@sep=\dimen160
\extrarowheight=\dimen161
\NC@list=\toks34
\extratabsurround=\skip62
\backup@length=\skip63
)
\rotheadsize=\dimen162
\c@nlinenum=\count134
\TeXr@lab=\toks35
)
(/usr/local/texlive/2017/texmf-dist/tex/latex/caption/caption.sty
Package: caption 2016/02/21 v3.3-144 Customizing captions (AR)

(/usr/local/texlive/2017/texmf-dist/tex/latex/caption/caption3.sty
Package: caption3 2016/05/22 v1.7-166 caption3 kernel (AR)
Package caption3 Info: TeX engine: e-TeX on input line 67.
\captionmargin=\dimen163
\captionmargin@=\dimen164
\captionwidth=\dimen165
\caption@tempdima=\dimen166
\caption@indent=\dimen167
\caption@parindent=\dimen168
\caption@hangindent=\dimen169
)
\c@ContinuedFloat=\count135
Package caption Info: float package is loaded.
Package caption Info: listings package is loaded.
)
(/usr/local/texlive/2017/texmf-dist/tex/latex/geometry/geometry.sty
Package: geometry 2010/09/12 v5.6 Page Geometry

(/usr/local/texlive/2017/texmf-dist/tex/generic/oberdiek/ifpdf.sty
Package: ifpdf 2017/03/15 v3.2 Provides the ifpdf switch
)
(/usr/local/texlive/2017/texmf-dist/tex/generic/oberdiek/ifvtex.sty
Package: ifvtex 2016/05/16 v1.6 Detect VTeX and its facilities (HO)
Package ifvtex Info: VTeX not detected.
)
\Gm@cnth=\count136
\Gm@cntv=\count137
\c@Gm@tempcnt=\count138
\Gm@bindingoffset=\dimen170
\Gm@wd@mp=\dimen171
\Gm@odd@mp=\dimen172
\Gm@even@mp=\dimen173
\Gm@layoutwidth=\dimen174
\Gm@layoutheight=\dimen175
\Gm@layouthoffset=\dimen176
\Gm@layoutvoffset=\dimen177
\Gm@dimlist=\toks36
)
(/usr/local/texlive/2017/texmf-dist/tex/latex/hyperref/hyperref.sty
Package: hyperref 2017/03/14 v6.85a Hypertext links for LaTeX

(/usr/local/texlive/2017/texmf-dist/tex/generic/oberdiek/hobsub-hyperref.sty
Package: hobsub-hyperref 2016/05/16 v1.14 Bundle oberdiek, subset hyperref (HO)


(/usr/local/texlive/2017/texmf-dist/tex/generic/oberdiek/hobsub-generic.sty
Package: hobsub-generic 2016/05/16 v1.14 Bundle oberdiek, subset generic (HO)
Package: hobsub 2016/05/16 v1.14 Construct package bundles (HO)
Package: infwarerr 2016/05/16 v1.4 Providing info/warning/error messages (HO)
Package: ltxcmds 2016/05/16 v1.23 LaTeX kernel commands for general use (HO)
Package hobsub Info: Skipping package `ifluatex' (already loaded).
Package hobsub Info: Skipping package `ifvtex' (already loaded).
Package: intcalc 2016/05/16 v1.2 Expandable calculations with integers (HO)
Package hobsub Info: Skipping package `ifpdf' (already loaded).
Package: etexcmds 2016/05/16 v1.6 Avoid name clashes with e-TeX commands (HO)
Package etexcmds Info: Could not find \expanded.
(etexcmds)             That can mean that you are not using pdfTeX 1.50 or
(etexcmds)             that some package has redefined \expanded.
(etexcmds)             In the latter case, load this package earlier.
Package: kvsetkeys 2016/05/16 v1.17 Key value parser (HO)
Package: kvdefinekeys 2016/05/16 v1.4 Define keys (HO)
Package: pdftexcmds 2017/03/19 v0.25 Utility functions of pdfTeX for LuaTeX (HO
)
Package pdftexcmds Info: LuaTeX not detected.
Package pdftexcmds Info: \pdf@primitive is available.
Package pdftexcmds Info: \pdf@ifprimitive is available.
Package pdftexcmds Info: \pdfdraftmode found.
Package: pdfescape 2016/05/16 v1.14 Implements pdfTeX's escape features (HO)
Package: bigintcalc 2016/05/16 v1.4 Expandable calculations on big integers (HO
)
Package: bitset 2016/05/16 v1.2 Handle bit-vector datatype (HO)
Package: uniquecounter 2016/05/16 v1.3 Provide unlimited unique counter (HO)
)
Package hobsub Info: Skipping package `hobsub' (already loaded).
Package: letltxmacro 2016/05/16 v1.5 Let assignment for LaTeX macros (HO)
Package: hopatch 2016/05/16 v1.3 Wrapper for package hooks (HO)
Package: xcolor-patch 2016/05/16 xcolor patch
Package: atveryend 2016/05/16 v1.9 Hooks at the very end of document (HO)
Package: atbegshi 2016/06/09 v1.18 At begin shipout hook (HO)
Package: refcount 2016/05/16 v3.5 Data extraction from label references (HO)
Package: hycolor 2016/05/16 v1.8 Color options for hyperref/bookmark (HO)
)
(/usr/local/texlive/2017/texmf-dist/tex/latex/oberdiek/auxhook.sty
Package: auxhook 2016/05/16 v1.4 Hooks for auxiliary files (HO)
)
(/usr/local/texlive/2017/texmf-dist/tex/latex/oberdiek/kvoptions.sty
Package: kvoptions 2016/05/16 v3.12 Key value format for package options (HO)
)
\@linkdim=\dimen178
\Hy@linkcounter=\count139
\Hy@pagecounter=\count140

(/usr/local/texlive/2017/texmf-dist/tex/latex/hyperref/pd1enc.def
File: pd1enc.def 2017/03/14 v6.85a Hyperref: PDFDocEncoding definition (HO)
Now handling font encoding PD1 ...
... no UTF-8 mapping file for font encoding PD1
)
\Hy@SavedSpaceFactor=\count141

(/usr/local/texlive/2017/texmf-dist/tex/latex/latexconfig/hyperref.cfg
File: hyperref.cfg 2002/06/06 v1.2 hyperref configuration of TeXLive
)
Package hyperref Info: Hyper figures OFF on input line 4498.
Package hyperref Info: Link nesting OFF on input line 4503.
Package hyperref Info: Hyper index ON on input line 4506.
Package hyperref Info: Plain pages OFF on input line 4513.
Package hyperref Info: Backreferencing OFF on input line 4518.
Package hyperref Info: Implicit mode ON; LaTeX internals redefined.
Package hyperref Info: Bookmarks ON on input line 4751.
\c@Hy@tempcnt=\count142

(/usr/local/texlive/2017/texmf-dist/tex/latex/url/url.sty
\Urlmuskip=\muskip11
Package: url 2013/09/16  ver 3.4  Verb mode for urls, etc.
)
LaTeX Info: Redefining \url on input line 5104.
\XeTeXLinkMargin=\dimen179
\Fld@menulength=\count143
\Field@Width=\dimen180
\Fld@charsize=\dimen181
Package hyperref Info: Hyper figures OFF on input line 6358.
Package hyperref Info: Link nesting OFF on input line 6363.
Package hyperref Info: Hyper index ON on input line 6366.
Package hyperref Info: backreferencing OFF on input line 6373.
Package hyperref Info: Link coloring OFF on input line 6378.
Package hyperref Info: Link coloring with OCG OFF on input line 6383.
Package hyperref Info: PDF/A mode OFF on input line 6388.
LaTeX Info: Redefining \ref on input line 6428.
LaTeX Info: Redefining \pageref on input line 6432.
\Hy@abspage=\count144
\c@Item=\count145
\c@Hfootnote=\count146
)

Package hyperref Message: Driver (autodetected): hpdftex.

(/usr/local/texlive/2017/texmf-dist/tex/latex/hyperref/hpdftex.def
File: hpdftex.def 2017/03/14 v6.85a Hyperref driver for pdfTeX
\Fld@listcount=\count147
\c@bookmark@seq@number=\count148

(/usr/local/texlive/2017/texmf-dist/tex/latex/oberdiek/rerunfilecheck.sty
Package: rerunfilecheck 2016/05/16 v1.8 Rerun checks for auxiliary files (HO)
Package uniquecounter Info: New unique counter `rerunfilecheck' on input line 2
82.
)
\Hy@SectionHShift=\skip64
)
(/usr/local/texlive/2017/texmf-dist/tex/latex/cleveref/cleveref.sty
Package: cleveref 2013/12/28 v0.19 Intelligent cross-referencing
Package cleveref Info: `hyperref' support loaded on input line 2230.
LaTeX Info: Redefining \cref on input line 2230.
LaTeX Info: Redefining \Cref on input line 2230.
LaTeX Info: Redefining \crefrange on input line 2230.
LaTeX Info: Redefining \Crefrange on input line 2230.
LaTeX Info: Redefining \cpageref on input line 2230.
LaTeX Info: Redefining \Cpageref on input line 2230.
LaTeX Info: Redefining \cpagerefrange on input line 2230.
LaTeX Info: Redefining \Cpagerefrange on input line 2230.
LaTeX Info: Redefining \labelcref on input line 2230.
LaTeX Info: Redefining \labelcpageref on input line 2230.
Package cleveref Info: `amsthm' support loaded on input line 2858.
Package cleveref Info: `listings' support loaded on input line 2950.
Package cleveref Info: always capitalise cross-reference names on input line 74
65.
Package cleveref Info: always capitalise cross-reference names on input line 74
93.
)
(/usr/local/texlive/2017/texmf-dist/tex/latex/graphics/graphicx.sty
Package: graphicx 2014/10/28 v1.0g Enhanced LaTeX Graphics (DPC,SPQR)

(/usr/local/texlive/2017/texmf-dist/tex/latex/graphics/graphics.sty
Package: graphics 2017/04/14 v1.1b Standard LaTeX Graphics (DPC,SPQR)

(/usr/local/texlive/2017/texmf-dist/tex/latex/graphics/trig.sty
Package: trig 2016/01/03 v1.10 sin cos tan (DPC)
)
(/usr/local/texlive/2017/texmf-dist/tex/latex/graphics-cfg/graphics.cfg
File: graphics.cfg 2016/06/04 v1.11 sample graphics configuration
)
Package graphics Info: Driver file: pdftex.def on input line 99.

(/usr/local/texlive/2017/texmf-dist/tex/latex/graphics-def/pdftex.def
File: pdftex.def 2017/01/12 v0.06k Graphics/color for pdfTeX
\Gread@gobject=\count149
))
\Gin@req@height=\dimen182
\Gin@req@width=\dimen183
)
\c@thm=\count150

(./sicurezzareti.aux)
\openout1 = `sicurezzareti.aux'.

LaTeX Font Info:    Checking defaults for OML/cmm/m/it on input line 48.
LaTeX Font Info:    ... okay on input line 48.
LaTeX Font Info:    Checking defaults for T1/cmr/m/n on input line 48.
LaTeX Font Info:    ... okay on input line 48.
LaTeX Font Info:    Checking defaults for OT1/cmr/m/n on input line 48.
LaTeX Font Info:    ... okay on input line 48.
LaTeX Font Info:    Checking defaults for OMS/cmsy/m/n on input line 48.
LaTeX Font Info:    ... okay on input line 48.
LaTeX Font Info:    Checking defaults for OMX/cmex/m/n on input line 48.
LaTeX Font Info:    ... okay on input line 48.
LaTeX Font Info:    Checking defaults for U/cmr/m/n on input line 48.
LaTeX Font Info:    ... okay on input line 48.
LaTeX Font Info:    Checking defaults for TS1/cmr/m/n on input line 48.
LaTeX Font Info:    Try loading font information for TS1+cmr on input line 48.

(/usr/local/texlive/2017/texmf-dist/tex/latex/base/ts1cmr.fd
File: ts1cmr.fd 2014/09/29 v2.5h Standard LaTeX font definitions
)
LaTeX Font Info:    ... okay on input line 48.
LaTeX Font Info:    Checking defaults for PD1/pdf/m/n on input line 48.
LaTeX Font Info:    ... okay on input line 48.
LaTeX Font Info:    Try loading font information for OT1+LinuxLibertineT-TLF on
 input line 48.

(/usr/local/texlive/2017/texmf-dist/tex/latex/libertine/OT1LinuxLibertineT-TLF.
fd
File: OT1LinuxLibertineT-TLF.fd 2017/03/20 (autoinst) Font definitions for OT1/
LinuxLibertineT-TLF.
)
LaTeX Font Info:    Font shape `OT1/LinuxLibertineT-TLF/m/n' will be
(Font)              scaled to size 10.95pt on input line 48.
LaTeX Info: Redefining \it@ocap on input line 48.
LaTeX Info: Redefining \it@ccap on input line 48.


File italian.ldf warning: 
italian.ldf    With OT1 encoding guillemets are poorly faked
italian.ldf    Use T1 encoding
italian.ldf    or specify a font with command \CaporaliFrom
italian.ldf    See the documentation concerning the babel-italian typesetting 
italian.ldf    on input line 48.

\c@lstlisting=\count151
\c@mv@tabular=\count152
\c@mv@boldtabular=\count153
Package caption Info: Begin \AtBeginDocument code.
Package caption Info: hyperref package is loaded.
Package caption Info: End \AtBeginDocument code.
*geometry* driver: auto-detecting
*geometry* detected driver: pdftex
*geometry* verbose mode - [ preamble ] result:
* driver: pdftex
* paper: a4paper
* layout: <same size as paper>
* layoutoffset:(h,v)=(0.0pt,0.0pt)
* modes: twoside 
* h-part:(L,W,R)=(36.135pt, 525.23788pt, 36.135pt)
* v-part:(T,H,B)=(36.135pt, 772.77686pt, 36.135pt)
* \paperwidth=597.50787pt
* \paperheight=845.04684pt
* \textwidth=525.23788pt
* \textheight=772.77686pt
* \oddsidemargin=-36.135pt
* \evensidemargin=-36.135pt
* \topmargin=-73.135pt
* \headheight=12.0pt
* \headsep=25.0pt
* \topskip=11.0pt
* \footskip=30.0pt
* \marginparwidth=103.0pt
* \marginparsep=10.0pt
* \columnsep=10.0pt
* \skip\footins=10.0pt plus 4.0pt minus 2.0pt
* \hoffset=0.0pt
* \voffset=0.0pt
* \mag=1000
* \@twocolumnfalse
* \@twosidetrue
* \@mparswitchtrue
* \@reversemarginfalse
* (1in=72.27pt=25.4mm, 1cm=28.453pt)

\AtBeginShipoutBox=\box61
Package hyperref Info: Link coloring OFF on input line 48.
(/usr/local/texlive/2017/texmf-dist/tex/latex/hyperref/nameref.sty
Package: nameref 2016/05/21 v2.44 Cross-referencing by name of section

(/usr/local/texlive/2017/texmf-dist/tex/generic/oberdiek/gettitlestring.sty
Package: gettitlestring 2016/05/16 v1.5 Cleanup title references (HO)
)
\c@section@level=\count154
)
LaTeX Info: Redefining \ref on input line 48.
LaTeX Info: Redefining \pageref on input line 48.
LaTeX Info: Redefining \nameref on input line 48.

(./sicurezzareti.out) (./sicurezzareti.out)
\@outlinefile=\write3
\openout3 = `sicurezzareti.out'.


(/usr/local/texlive/2017/texmf-dist/tex/context/base/mkii/supp-pdf.mkii
[Loading MPS to PDF converter (version 2006.09.02).]
\scratchcounter=\count155
\scratchdimen=\dimen184
\scratchbox=\box62
\nofMPsegments=\count156
\nofMParguments=\count157
\everyMPshowfont=\toks37
\MPscratchCnt=\count158
\MPscratchDim=\dimen185
\MPnumerator=\count159
\makeMPintoPDFobject=\count160
\everyMPtoPDFconversion=\toks38
) (/usr/local/texlive/2017/texmf-dist/tex/latex/oberdiek/epstopdf-base.sty
Package: epstopdf-base 2016/05/15 v2.6 Base part for package epstopdf

(/usr/local/texlive/2017/texmf-dist/tex/latex/oberdiek/grfext.sty
Package: grfext 2016/05/16 v1.2 Manage graphics extensions (HO)
)
Package epstopdf-base Info: Redefining graphics rule for `.eps' on input line 4
38.
Package grfext Info: Graphics extension search list:
(grfext)             [.png,.pdf,.jpg,.mps,.jpeg,.jbig2,.jb2,.PNG,.PDF,.JPG,.JPE
G,.JBIG2,.JB2,.eps]
(grfext)             \AppendGraphicsExtensions on input line 456.

(/usr/local/texlive/2017/texmf-dist/tex/latex/latexconfig/epstopdf-sys.cfg
File: epstopdf-sys.cfg 2010/07/13 v1.3 Configuration of (r)epstopdf for TeX Liv
e
))
LaTeX Font Info:    Font shape `OT1/LinuxLibertineT-TLF/m/n' will be
(Font)              scaled to size 17.28pt on input line 50.
LaTeX Font Info:    Font shape `OT1/LinuxLibertineT-TLF/b/n' will be
(Font)              scaled to size 17.28pt on input line 50.
LaTeX Font Info:    Font shape `OT1/LinuxLibertineT-TLF/b/it' will be
(Font)              scaled to size 17.28pt on input line 50.
LaTeX Font Info:    Try loading font information for U+msa on input line 50.

(/usr/local/texlive/2017/texmf-dist/tex/latex/amsfonts/umsa.fd
File: umsa.fd 2013/01/14 v3.01 AMS symbols A
)
LaTeX Font Info:    Try loading font information for U+msb on input line 50.

(/usr/local/texlive/2017/texmf-dist/tex/latex/amsfonts/umsb.fd
File: umsb.fd 2013/01/14 v3.01 AMS symbols B
)
LaTeX Font Info:    Try loading font information for U+stmry on input line 50.

(/usr/local/texlive/2017/texmf-dist/tex/latex/stmaryrd/Ustmry.fd)
LaTeX Font Info:    Font shape `OT1/LinuxLibertineT-TLF/m/n' will be
(Font)              scaled to size 12.0pt on input line 50.
LaTeX Font Info:    Font shape `OT1/LinuxLibertineT-TLF/m/it' will be
(Font)              scaled to size 12.0pt on input line 50.
LaTeX Font Info:    Font shape `OT1/LinuxLibertineT-TLF/m/n' will be
(Font)              scaled to size 10.0pt on input line 50.
 [1

{/usr/local/texlive/2017/texmf-var/fonts/map/pdftex/updmap/pdftex.map}]
LaTeX Font Info:    Font shape `OT1/LinuxLibertineT-TLF/m/n' will be
(Font)              scaled to size 24.88pt on input line 50.
LaTeX Font Info:    Font shape `OT1/LinuxLibertineT-TLF/b/n' will be
(Font)              scaled to size 24.88pt on input line 50.

(./sicurezzareti.toc
Package cleveref Info: loaded `italian' language definitions on input line 1.
Package cleveref Info: loaded `italian' language definitions on input line 2.
LaTeX Font Info:    Font shape `OT1/LinuxLibertineT-TLF/b/n' will be
(Font)              scaled to size 10.95pt on input line 3.
)
\tf@toc=\write4
\openout4 = `sicurezzareti.toc'.

 [2

]
LaTeX Font Info:    Font shape `OT1/LinuxLibertineT-TLF/m/it' will be
(Font)              scaled to size 10.95pt on input line 57.
LaTeX Font Info:    Font shape `OT1/LinuxLibertineT-TLF/m/n' will be
(Font)              scaled to size 14.4pt on input line 61.
LaTeX Font Info:    Font shape `OT1/LinuxLibertineT-TLF/b/n' will be
(Font)              scaled to size 14.4pt on input line 61.


Package hyperref Warning: The anchor of a bookmark and its parent's must not
(hyperref)                be the same. Added a new anchor on input line 62.

LaTeX Font Info:    Try loading font information for TS1+LinuxLibertineT-TLF on
 input line 64.

(/usr/local/texlive/2017/texmf-dist/tex/latex/libertine/TS1LinuxLibertineT-TLF.
fd
File: TS1LinuxLibertineT-TLF.fd 2017/03/20 (autoinst) Font definitions for TS1/
LinuxLibertineT-TLF.
)
LaTeX Font Info:    Font shape `TS1/LinuxLibertineT-TLF/m/n' will be
(Font)              scaled to size 10.95pt on input line 64.
LaTeX Font Info:    Font shape `OT1/LinuxLibertineT-TLF/b/it' will be
(Font)              scaled to size 10.95pt on input line 64.
LaTeX Font Info:    Font shape `OT1/LinuxLibertineT-TLF/b/n' will be
(Font)              scaled to size 12.0pt on input line 79.

Underfull \hbox (badness 10000) in paragraph at lines 83--85

 []

<threats.png, id=207, 536.0025pt x 174.6525pt>
File: threats.png Graphic file (type png)
 <use threats.png>
Package pdftex.def Info: threats.png used on input line 94.
(pdftex.def)             Requested size: 268.0006pt x 87.32603pt.

Overfull \hbox (10.38165pt too wide) in paragraph at lines 94--95
 [][] 
 []


Underfull \hbox (badness 10000) in paragraph at lines 97--100

 []

[3

 <./threats.png>] <formalmethods.png, id=216, 557.08125pt x 217.81375pt>
File: formalmethods.png Graphic file (type png)

<use formalmethods.png>
Package pdftex.def Info: formalmethods.png used on input line 126.
(pdftex.def)             Requested size: 222.82855pt x 87.12395pt.

Underfull \hbox (badness 10000) in paragraph at lines 140--147

 []

<proxy.png, id=217, 575.14874pt x 172.645pt>
File: proxy.png Graphic file (type png)
 <use proxy.png>
Package pdftex.def Info: proxy.png used on input line 153.
(pdftex.def)             Requested size: 362.34563pt x 108.7669pt.
 [4 <./formalmethods.png> <./proxy.png>] <proxycasc.png, id=226, 492.84125pt x 
55.20625pt>
File: proxycasc.png Graphic file (type png)

<use proxycasc.png>
Package pdftex.def Info: proxycasc.png used on input line 161.
(pdftex.def)             Requested size: 271.0635pt x 30.36351pt.

Overfull \hbox (13.44456pt too wide) in paragraph at lines 161--162
 [][] 
 []


Underfull \hbox (badness 10000) in paragraph at lines 165--168

 []


Underfull \hbox (badness 10000) in paragraph at lines 165--168

 []

<mix.png, id=227, 334.24875pt x 41.15375pt>
File: mix.png Graphic file (type png)
 <use mix.png>
Package pdftex.def Info: mix.png used on input line 178.
(pdftex.def)             Requested size: 183.83737pt x 22.63461pt.

<mix2.png, id=228, 614.295pt x 279.0425pt>
File: mix2.png Graphic file (type png)
 <use mix2.png>
Package pdftex.def Info: mix2.png used on input line 182.
(pdftex.def)             Requested size: 276.43019pt x 125.56795pt.

Overfull \hbox (18.81125pt too wide) in paragraph at lines 182--183
 [][] 
 []


Underfull \hbox (badness 10000) in paragraph at lines 185--193

 []

<dummy.png, id=229, 592.71437pt x 266.49562pt>
File: dummy.png Graphic file (type png)
 <use dummy.png>
Package pdftex.def Info: dummy.png used on input line 195.
(pdftex.def)             Requested size: 207.45313pt x 93.27486pt.

<replay.png, id=230, 597.23125pt x 263.98625pt>
File: replay.png Graphic file (type png)
 <use replay.png>
Package pdftex.def Info: replay.png used on input line 202.
(pdftex.def)             Requested size: 209.03406pt x 92.39656pt.

<mixan.png, id=231, 618.31pt x 343.2825pt>
File: mixan.png Graphic file (type png)
 <use mixan.png>
Package pdftex.def Info: mixan.png used on input line 223.
(pdftex.def)             Requested size: 278.23692pt x 154.4757pt.

Overfull \hbox (20.61798pt too wide) in paragraph at lines 223--224
 [][] 
 []


Underfull \hbox (badness 10000) in paragraph at lines 216--224

 []


Underfull \hbox (badness 10000) in paragraph at lines 216--224
\OT1/LinuxLibertineT-TLF/m/n/10.95 Permette di ren-der-de-re un uten-te im-pos-
si-bi-le da
 []


Overfull \vbox (15.51836pt too high) has occurred while \output is active []


Overfull \vbox (15.51836pt too high) has occurred while \output is active []


Overfull \vbox (15.51836pt too high) has occurred while \output is active []


[5 <./proxycasc.png> <./mix.png> <./mix2.png> <./dummy.png> <./replay.png> <./m
ixan.png>] <randrout.png, id=252, 613.29124pt x 181.67876pt>
File: randrout.png Graphic file (type png)

<use randrout.png>
Package pdftex.def Info: randrout.png used on input line 234.
(pdftex.def)             Requested size: 226.9142pt x 67.22008pt.
 <onioninfo.png, id=253, 669.50125pt x 79.29625pt>
File: onioninfo.png Graphic file (type png)

<use onioninfo.png>
Package pdftex.def Info: onioninfo.png used on input line 244.
(pdftex.def)             Requested size: 267.79576pt x 31.71793pt.

Overfull \hbox (10.17682pt too wide) in paragraph at lines 244--245
 [][] 
 []

<onion.png, id=254, 557.08125pt x 244.915pt>
File: onion.png Graphic file (type png)
 <use onion.png>
Package pdftex.def Info: onion.png used on input line 249.
(pdftex.def)             Requested size: 139.26997pt x 61.22859pt.

<onion2.png, id=255, 518.93875pt x 212.795pt>
File: onion2.png Graphic file (type png)
 <use onion2.png>
Package pdftex.def Info: onion2.png used on input line 253.
(pdftex.def)             Requested size: 129.73436pt x 53.19861pt.

<tor.png, id=256, 580.1675pt x 214.8025pt>
File: tor.png Graphic file (type png)
 <use tor.png>
Package pdftex.def Info: tor.png used on input line 269.
(pdftex.def)             Requested size: 261.07295pt x 96.66022pt.

Overfull \hbox (3.45401pt too wide) in paragraph at lines 269--270
 [][] 
 []

<hserver1.png, id=257, 634.37pt x 360.34625pt>
File: hserver1.png Graphic file (type png)
 <use hserver1.png>
Package pdftex.def Info: hserver1.png used on input line 283.
(pdftex.def)             Requested size: 247.40329pt x 140.53447pt.

<hserver2.png, id=258, 665.48625pt x 346.29375pt>
File: hserver2.png Graphic file (type png)
 <use hserver2.png>
Package pdftex.def Info: hserver2.png used on input line 289.
(pdftex.def)             Requested size: 252.88739pt x 131.59299pt.
 [6 <./randrout.png> <./onioninfo.png> <./onion.png> <./onion2.png> <./tor.png>
 <./hserver1.png> <./hserver2.png>] <hide.png, id=278, 506.89375pt x 129.48375p
t>
File: hide.png Graphic file (type png)

<use hide.png>
Package pdftex.def Info: hide.png used on input line 317.
(pdftex.def)             Requested size: 228.10008pt x 58.26714pt.
 <keys.png, id=279, 546.04pt x 111.41624pt>
File: keys.png Graphic file (type png)
 <use keys.png>
Package pdftex.def Info: keys.png used on input line 322.
(pdftex.def)             Requested size: 245.71573pt x 50.13684pt.

<feistel.jpg, id=280, 462.72874pt x 318.18875pt>
File: feistel.jpg Graphic file (type jpg)
 <use feistel.jpg>
Package pdftex.def Info: feistel.jpg used on input line 356.
(pdftex.def)             Requested size: 208.22601pt x 143.18361pt.

Overfull \vbox (13.66354pt too high) has occurred while \output is active []


Overfull \vbox (13.66354pt too high) has occurred while \output is active []


Overfull \vbox (13.66354pt too high) has occurred while \output is active []


[7

 <./hide.png> <./keys.png> <./feistel.jpg>]
<doubleDES.png, id=290, 280.04625pt x 96.36pt>
File: doubleDES.png Graphic file (type png)
 <use doubleDES.png>
Package pdftex.def Info: doubleDES.png used on input line 366.
(pdftex.def)             Requested size: 168.02904pt x 57.81642pt.

<tripleDES.png, id=291, 564.1075pt x 223.83624pt>
File: tripleDES.png Graphic file (type png)
 <use tripleDES.png>
Package pdftex.def Info: tripleDES.png used on input line 377.
(pdftex.def)             Requested size: 169.23355pt x 67.15138pt.

<eteenc.png, id=292, 605.26125pt x 346.29375pt>
File: eteenc.png Graphic file (type png)
 <use eteenc.png>
Package pdftex.def Info: eteenc.png used on input line 396.
(pdftex.def)             Requested size: 193.68755pt x 110.81625pt.

Underfull \hbox (badness 10000) in paragraph at lines 389--397

 []


Underfull \hbox (badness 10000) in paragraph at lines 410--412

 []

<keydist.png, id=293, 522.95375pt x 301.125pt>
File: keydist.png Graphic file (type png)
 <use keydist.png>
Package pdftex.def Info: keydist.png used on input line 424.
(pdftex.def)             Requested size: 209.1778pt x 120.44786pt.
 [8 <./doubleDES.png> <./tripleDES.png> <./eteenc.png> <./keydist.png>]
Underfull \hbox (badness 10000) in paragraph at lines 444--449

 []

<confrontoalgoritmichiavepubblica.png, id=304, 700.6175pt x 185.69376pt>
File: confrontoalgoritmichiavepubblica.png Graphic file (type png)

<use confrontoalgoritmichiavepubblica.png>
Package pdftex.def Info: confrontoalgoritmichiavepubblica.png used on input lin
e 451.
(pdftex.def)             Requested size: 224.20218pt x 59.4232pt.

<secrecyauthenticationsicurezzareti.png, id=305, 853.1875pt x 416.55624pt>
File: secrecyauthenticationsicurezzareti.png Graphic file (type png)

<use secrecyauthenticationsicurezzareti.png>
Package pdftex.def Info: secrecyauthenticationsicurezzareti.png used on input l
ine 456.
(pdftex.def)             Requested size: 307.14726pt x 149.96013pt.

Overfull \hbox (49.52832pt too wide) in paragraph at lines 456--457
 [][] 
 []


Underfull \hbox (badness 10000) in paragraph at lines 463--465

 []

[9

 <./confrontoalgoritmichiavepubblica.png> <./secrecyauthenticationsicurezzareti
.png>]
Underfull \hbox (badness 10000) in paragraph at lines 524--530

 []

[10]
Underfull \hbox (badness 10000) in paragraph at lines 551--554

 []


Underfull \hbox (badness 10000) in paragraph at lines 551--554

 []

[11] <diffiehellmanmitm.png, id=330, 513.92pt x 310.15875pt>
File: diffiehellmanmitm.png Graphic file (type png)

<use diffiehellmanmitm.png>
Package pdftex.def Info: diffiehellmanmitm.png used on input line 622.
(pdftex.def)             Requested size: 308.35437pt x 186.09668pt.
 [12 <./diffiehellmanmitm.png>]

Package hyperref Warning: The anchor of a bookmark and its parent's must not
(hyperref)                be the same. Added a new anchor on input line 658.

<macscheme.png, id=342, 403.5075pt x 117.43875pt>
File: macscheme.png Graphic file (type png)
 <use macscheme.png>
Package pdftex.def Info: macscheme.png used on input line 688.
(pdftex.def)             Requested size: 209.8251pt x 61.06848pt.

<maccostruction.png, id=343, 468.75125pt x 105.39375pt>
File: maccostruction.png Graphic file (type png)

<use maccostruction.png>
Package pdftex.def Info: maccostruction.png used on input line 701.
(pdftex.def)             Requested size: 257.81398pt x 57.96672pt.
 [13

 <./macscheme.png> <./maccostruction.png>]
<signatureschema.png, id=356, 365.365pt x 209.78375pt>
File: signatureschema.png Graphic file (type png)

<use signatureschema.png>
Package pdftex.def Info: signatureschema.png used on input line 730.
(pdftex.def)             Requested size: 219.22069pt x 125.8712pt.
LaTeX Font Info:    Font shape `OT1/LinuxLibertineT-TLF/m/n' will be
(Font)              scaled to size 8.0pt on input line 736.
LaTeX Font Info:    Font shape `OT1/LinuxLibertineT-TLF/m/n' will be
(Font)              scaled to size 6.0pt on input line 736.

Underfull \hbox (badness 10000) in paragraph at lines 748--752

 []

<sig.png, id=357, 413.545pt x 127.47626pt>
File: sig.png Graphic file (type png)
 <use sig.png>
Package pdftex.def Info: sig.png used on input line 758.
(pdftex.def)             Requested size: 243.98943pt x 75.21033pt.
 [14 <./signatureschema.png> <./sig.png>]
Underfull \hbox (badness 10000) in paragraph at lines 768--771

 []


Package hyperref Warning: The anchor of a bookmark and its parent's must not
(hyperref)                be the same. Added a new anchor on input line 791.


Underfull \hbox (badness 10000) in paragraph at lines 794--799

 []

[15

] <x509.png, id=370, 449.68pt x 716.6775pt>
File: x509.png Graphic file (type png)
 <use x509.png>
Package pdftex.def Info: x509.png used on input line 824.
(pdftex.def)             Requested size: 193.35863pt x 308.16533pt.

Underfull \hbox (badness 10000) in paragraph at lines 834--843

 []


Underfull \hbox (badness 10000) in paragraph at lines 834--843

 []


Underfull \hbox (badness 10000) in paragraph at lines 834--843

 []


Package hyperref Warning: The anchor of a bookmark and its parent's must not
(hyperref)                be the same. Added a new anchor on input line 845.

[16 <./x509.png>]

Package hyperref Warning: The anchor of a bookmark and its parent's must not
(hyperref)                be the same. Added a new anchor on input line 864.

<attempt1.png, id=376, 329.23pt x 210.7875pt>
File: attempt1.png Graphic file (type png)
 <use attempt1.png>
Package pdftex.def Info: attempt1.png used on input line 878.
(pdftex.def)             Requested size: 148.15211pt x 94.8535pt.

<attempt2.png, id=377, 319.69438pt x 211.28937pt>
File: attempt2.png Graphic file (type png)
 <use attempt2.png>
Package pdftex.def Info: attempt2.png used on input line 902.
(pdftex.def)             Requested size: 127.87547pt x 84.51424pt.

<problem1attempt2.png, id=378, 593.21625pt x 218.8175pt>
File: problem1attempt2.png Graphic file (type png)

<use problem1attempt2.png>
Package pdftex.def Info: problem1attempt2.png used on input line 906.
(pdftex.def)             Requested size: 237.28229pt x 87.52544pt.

<problem2attempt2.png, id=379, 493.845pt x 181.67876pt>
File: problem2attempt2.png Graphic file (type png)

<use problem2attempt2.png>
Package pdftex.def Info: problem2attempt2.png used on input line 910.
(pdftex.def)             Requested size: 197.53448pt x 72.6702pt.

Overfull \vbox (3.47763pt too high) has occurred while \output is active []


[17

 <./attempt1.png> <./attempt2.png> <./problem1attempt2.png> <./problem2attempt2
.png>]

Package multicol Warning: Using `1' columns doesn't seem a good idea.
 I therefore use two columns instead on input line 916.

<attempt3.png, id=392, 413.545pt x 212.795pt>
File: attempt3.png Graphic file (type png)
 <use attempt3.png>
Package pdftex.def Info: attempt3.png used on input line 929.
(pdftex.def)             Requested size: 206.77199pt x 106.39723pt.

<problem1attempt3.png, id=393, 411.5375pt x 200.75pt>
File: problem1attempt3.png Graphic file (type png)

<use problem1attempt3.png>
Package pdftex.def Info: problem1attempt3.png used on input line 933.
(pdftex.def)             Requested size: 205.76825pt x 100.37474pt.
 <attempt4.png, id=394, 303.1325pt x 292.09125pt>
File: attempt4.png Graphic file (type png)

<use attempt4.png>
Package pdftex.def Info: attempt4.png used on input line 951.
(pdftex.def)             Requested size: 166.72339pt x 160.65067pt.
 <problem1attempt4.png, id=395, 275.52937pt x 124.465pt>
File: problem1attempt4.png Graphic file (type png)

<use problem1attempt4.png>
Package pdftex.def Info: problem1attempt4.png used on input line 955.
(pdftex.def)             Requested size: 151.54161pt x 68.45595pt.
 <attempt5.png, id=396, 359.3425pt x 220.825pt>
File: attempt5.png Graphic file (type png)

<use attempt5.png>
Package pdftex.def Info: attempt5.png used on input line 970.
(pdftex.def)             Requested size: 179.6708pt x 110.41222pt.
 [18 <./attempt3.png> <./problem1attempt3.png> <./attempt4.png> <./problem1atte
mpt4.png> <./attempt5.png>]
<NSPK.png, id=410, 585.18625pt x 193.72375pt>
File: NSPK.png Graphic file (type png)
 <use NSPK.png>
Package pdftex.def Info: NSPK.png used on input line 992.
(pdftex.def)             Requested size: 263.33138pt x 87.17487pt.

Overfull \hbox (5.71243pt too wide) in paragraph at lines 992--993
 [][] 
 []

<mitmnspk.png, id=411, 547.04375pt x 244.915pt>
File: mitmnspk.png Graphic file (type png)
 <use mitmnspk.png>
Package pdftex.def Info: mitmnspk.png used on input line 1007.
(pdftex.def)             Requested size: 251.64317pt x 112.66225pt.

Underfull \hbox (badness 10000) in paragraph at lines 997--1008

 []


Underfull \hbox (badness 10000) in paragraph at lines 997--1008

 []

<nsl.png, id=412, 501.875pt x 183.68625pt>
File: nsl.png Graphic file (type png)
 <use nsl.png>
Package pdftex.def Info: nsl.png used on input line 1021.
(pdftex.def)             Requested size: 225.84166pt x 82.65804pt.

Underfull \hbox (badness 10000) in paragraph at lines 1015--1022

 []

<lowetypeflaw.png, id=413, 588.1975pt x 312.16624pt>
File: lowetypeflaw.png Graphic file (type png)
 <use lowetypeflaw.png>
Package pdftex.def Info: lowetypeflaw.png used on input line 1030.
(pdftex.def)             Requested size: 352.92122pt x 187.3012pt.

Overfull \hbox (184.50859pt too wide) in paragraph at lines 1030--1031
 [][] 
 []


Underfull \hbox (badness 10000) in paragraph at lines 1033--1034

 []


Underfull \hbox (badness 10000) in paragraph at lines 1036--1042

 []


Underfull \hbox (badness 5147) in paragraph at lines 1036--1042
\OT1/LinuxLibertineT-TLF/m/n/10.95 Un'\OT1/LinuxLibertineT-TLF/b/n/10.95 altra 
so-lu-zio-ne \OT1/LinuxLibertineT-TLF/m/n/10.95 con-si-ste nel-lo
 []


Underfull \hbox (badness 10000) in paragraph at lines 1036--1042

 []

[19 <./NSPK.png> <./mitmnspk.png> <./nsl.png> <./lowetypeflaw.png>]
<otway-rees.png, id=426, 543.02875pt x 132.495pt>
File: otway-rees.png Graphic file (type png)
 <use otway-rees.png>
Package pdftex.def Info: otway-rees.png used on input line 1069.
(pdftex.def)             Requested size: 271.5137pt x 66.24733pt.

Overfull \hbox (13.89476pt too wide) in paragraph at lines 1069--1070
 [][] 
 []

<otway-reestypeflaw.png, id=427, 248.42813pt x 132.99687pt>
File: otway-reestypeflaw.png Graphic file (type png)

<use otway-reestypeflaw.png>
Package pdftex.def Info: otway-reestypeflaw.png used on input line 1079.
(pdftex.def)             Requested size: 173.8985pt x 93.09717pt.

<otway-reestypeflaw2.png, id=428, 474.77374pt x 79.29625pt>
File: otway-reestypeflaw2.png Graphic file (type png)

<use otway-reestypeflaw2.png>
Package pdftex.def Info: otway-reestypeflaw2.png used on input line 1092.
(pdftex.def)             Requested size: 237.38629pt x 39.64801pt.

<otway-reesattack2.png, id=429, 471.7625pt x 95.35625pt>
File: otway-reesattack2.png Graphic file (type png)

<use otway-reesattack2.png>
Package pdftex.def Info: otway-reesattack2.png used on input line 1105.
(pdftex.def)             Requested size: 235.88066pt x 47.678pt.

<andrewsecurerpc.png, id=430, 334.24875pt x 129.48375pt>
File: andrewsecurerpc.png Graphic file (type png)

<use andrewsecurerpc.png>
Package pdftex.def Info: andrewsecurerpc.png used on input line 1118.
(pdftex.def)             Requested size: 133.69713pt x 51.79257pt.

<andrewsecurerpctypeflaw.png, id=431, 255.95625pt x 144.54pt>
File: andrewsecurerpctypeflaw.png Graphic file (type png)

<use andrewsecurerpctypeflaw.png>
Package pdftex.def Info: andrewsecurerpctypeflaw.png used on input line 1130.
(pdftex.def)             Requested size: 204.76526pt x 115.63214pt.

Underfull \hbox (badness 10000) in paragraph at lines 1123--1131

 []


Underfull \hbox (badness 10000) in paragraph at lines 1123--1131

 []

[20 <./otway-rees.png> <./otway-reestypeflaw.png> <./otway-reestypeflaw2.png> <
./otway-reesattack2.png> <./andrewsecurerpc.png> <./andrewsecurerpctypeflaw.png
>] <andrewsecurerpctypeflawattack.png, id=447, 367.3725pt x 130.4875pt>
File: andrewsecurerpctypeflawattack.png Graphic file (type png)

<use andrewsecurerpctypeflawattack.png>
Package pdftex.def Info: andrewsecurerpctypeflawattack.png used on input line 1
140.
(pdftex.def)             Requested size: 157.96709pt x 56.10852pt.

<denningsacco.png, id=448, 248.93pt x 68.255pt>
File: denningsacco.png Graphic file (type png)
 <use denningsacco.png>
Package pdftex.def Info: denningsacco.png used on input line 1159.
(pdftex.def)             Requested size: 186.69704pt x 51.19112pt.

Overfull \hbox (18.28441pt too wide) in paragraph at lines 1159--1160
 [][] 
 []

<denningsaccomitm.png, id=449, 401.5pt x 63.23625pt>
File: denningsaccomitm.png Graphic file (type png)

<use denningsaccomitm.png>
Package pdftex.def Info: denningsaccomitm.png used on input line 1172.
(pdftex.def)             Requested size: 200.7495pt x 31.61804pt.

Underfull \hbox (badness 10000) in paragraph at lines 1166--1173

 []

<denningsaccomitm2.png, id=450, 302.12875pt x 39.14626pt>
File: denningsaccomitm2.png Graphic file (type png)

<use denningsaccomitm2.png>
Package pdftex.def Info: denningsaccomitm2.png used on input line 1176.
(pdftex.def)             Requested size: 151.064pt x 19.57307pt.

<bindingattack.png, id=451, 407.5225pt x 300.12125pt>
File: bindingattack.png Graphic file (type png)
 <use bindingattack.png>
Package pdftex.def Info: bindingattack.png used on input line 1188.
(pdftex.def)             Requested size: 195.60857pt x 144.05656pt.

<parallelsession.png, id=452, 504.88625pt x 323.2075pt>
File: parallelsession.png Graphic file (type png)

<use parallelsession.png>
Package pdftex.def Info: parallelsession.png used on input line 1196.
(pdftex.def)             Requested size: 242.34264pt x 155.13783pt.
 <replayattack.png, id=453, 524.96124pt x 343.2825pt>
File: replayattack.png Graphic file (type png)

<use replayattack.png>
Package pdftex.def Info: replayattack.png used on input line 1205.
(pdftex.def)             Requested size: 288.72957pt x 188.80594pt.

Overfull \hbox (31.11063pt too wide) in paragraph at lines 1205--1206
 [][] 
 []


Underfull \hbox (badness 10000) in paragraph at lines 1213--1215

 []

[21 <./andrewsecurerpctypeflawattack.png> <./denningsacco.png> <./denningsaccom
itm.png> <./denningsaccomitm2.png> <./bindingattack.png> <./parallelsession.png
> <./replayattack.png>]

Package hyperref Warning: The anchor of a bookmark and its parent's must not
(hyperref)                be the same. Added a new anchor on input line 1224.

<taut.png, id=470, 297.11pt x 203.76125pt>
File: taut.png Graphic file (type png)
 <use taut.png>
Package pdftex.def Info: taut.png used on input line 1241.
(pdftex.def)             Requested size: 133.69826pt x 91.69171pt.

<kerberos.png, id=471, 491.8375pt x 244.915pt>
File: kerberos.png Graphic file (type png)
 <use kerberos.png>
Package pdftex.def Info: kerberos.png used on input line 1253.
(pdftex.def)             Requested size: 270.51146pt x 134.70364pt.

Overfull \hbox (12.89252pt too wide) in paragraph at lines 1253--1254
 [][] 
 []

<kerbauthphase.png, id=472, 531.9875pt x 77.28876pt>
File: kerbauthphase.png Graphic file (type png)
 <use kerbauthphase.png>
Package pdftex.def Info: kerbauthphase.png used on input line 1274.
(pdftex.def)             Requested size: 372.38872pt x 54.10175pt.

[22

 <./taut.png> <./kerberos.png> <./kerbauthphase.png>]
<kerbauthorphase2.png, id=483, 604.2575pt x 116.435pt>
File: kerbauthorphase2.png Graphic file (type png)

<use kerbauthorphase2.png>
Package pdftex.def Info: kerbauthorphase2.png used on input line 1286.
(pdftex.def)             Requested size: 302.128pt x 58.21735pt.

<kerbservicephase.png, id=484, 406.51875pt x 91.34125pt>
File: kerbservicephase.png Graphic file (type png)

<use kerbservicephase.png>
Package pdftex.def Info: kerbservicephase.png used on input line 1299.
(pdftex.def)             Requested size: 243.91312pt x 54.80516pt.

Underfull \hbox (badness 10000) in paragraph at lines 1306--1310

 []

<kerberi.png, id=485, 307.64937pt x 348.30125pt>
File: kerberi.png Graphic file (type png)
 <use kerberi.png>
Package pdftex.def Info: kerberi.png used on input line 1319.
(pdftex.def)             Requested size: 246.11981pt x 278.64137pt.
LaTeX Font Info:    Font shape `OT1/LinuxLibertineT-TLF/b/it' will be
(Font)              scaled to size 12.0pt on input line 1323.
 [23 <./kerbauthorphase2.png> <./kerbservicephase.png> <./kerberi.png>]
<sslrecap.png, id=495, 180.675pt x 216.81pt>
File: sslrecap.png Graphic file (type png)
 <use sslrecap.png>
Package pdftex.def Info: sslrecap.png used on input line 1349.
(pdftex.def)             Requested size: 108.40582pt x 130.08699pt.

<sslhello.png, id=496, 309.155pt x 51.19125pt>
File: sslhello.png Graphic file (type png)
 <use sslhello.png>
Package pdftex.def Info: sslhello.png used on input line 1360.
(pdftex.def)             Requested size: 185.49442pt x 30.71498pt.

<sslservercertificate.png, id=497, 373.395pt x 38.1425pt>
File: sslservercertificate.png Graphic file (type png)

<use sslservercertificate.png>
Package pdftex.def Info: sslservercertificate.png used on input line 1374.
(pdftex.def)             Requested size: 224.03873pt x 22.88567pt.

<sslclientexchange.png, id=498, 405.515pt x 81.30376pt>
File: sslclientexchange.png Graphic file (type png)

<use sslclientexchange.png>
Package pdftex.def Info: sslclientexchange.png used on input line 1388.
(pdftex.def)             Requested size: 223.03392pt x 44.7172pt.
 <sslfinish.png, id=499, 373.395pt x 61.22874pt>
File: sslfinish.png Graphic file (type png)

<use sslfinish.png>
Package pdftex.def Info: sslfinish.png used on input line 1400.
(pdftex.def)             Requested size: 205.36787pt x 33.6759pt.

Underfull \hbox (badness 10000) in paragraph at lines 1413--1414

 []

[24 <./sslrecap.png> <./sslhello.png> <./sslservercertificate.png> <./sslclient
exchange.png> <./sslfinish.png>]
<sslstriping.png, id=514, 493.845pt x 92.345pt>
File: sslstriping.png Graphic file (type png)
 <use sslstriping.png>
Package pdftex.def Info: sslstriping.png used on input line 1424.
(pdftex.def)             Requested size: 345.68913pt x 64.64104pt.

<scr1.png, id=515, 510.90875pt x 37.13875pt>
File: scr1.png Graphic file (type png)
 <use scr1.png>
Package pdftex.def Info: scr1.png used on input line 1434.
(pdftex.def)             Requested size: 255.45375pt x 18.56932pt.

<scr2.png, id=516, 512.91624pt x 38.1425pt>
File: scr2.png Graphic file (type png)
 <use scr2.png>
Package pdftex.def Info: scr2.png used on input line 1439.
(pdftex.def)             Requested size: 256.45749pt x 19.0712pt.

<layers.png, id=517, 467.7475pt x 315.1775pt>
File: layers.png Graphic file (type png)
 <use layers.png>
Package pdftex.def Info: layers.png used on input line 1452.
(pdftex.def)             Requested size: 420.96884pt x 283.65712pt.
 [25 <./sslstriping.png> <./scr1.png> <./scr2.png> <./layers.png>]
<ipsecscenario.png, id=530, 545.03625pt x 312.16624pt>
File: ipsecscenario.png Graphic file (type png)
 <use ipsecscenario.png>
Package pdftex.def Info: ipsecscenario.png used on input line 1473.
(pdftex.def)             Requested size: 272.51746pt x 156.08273pt.

Overfull \hbox (14.89851pt too wide) in paragraph at lines 1473--1474
 [][] 
 []


Underfull \hbox (badness 10000) in paragraph at lines 1476--1479

 []

<ipsectransporttunnel.png, id=531, 577.15625pt x 283.0575pt>
File: ipsectransporttunnel.png Graphic file (type png)

<use ipsectransporttunnel.png>
Package pdftex.def Info: ipsectransporttunnel.png used on input line 1512.
(pdftex.def)             Requested size: 317.4369pt x 155.6821pt.
 [26 <./ipsecscenario.png> <./ipsectransporttunnel.png>] <ahstructure.png, id=5
41, 356.33125pt x 174.6525pt>
File: ahstructure.png Graphic file (type png)

<use ahstructure.png>
Package pdftex.def Info: ahstructure.png used on input line 1527.
(pdftex.def)             Requested size: 267.24777pt x 130.98904pt.

Overfull \hbox (9.62883pt too wide) in paragraph at lines 1527--1528
 [][] 
 []


Underfull \hbox (badness 10000) in paragraph at lines 1518--1528

 []

<ahtransportmode.png, id=542, 197.73875pt x 58.2175pt>
File: ahtransportmode.png Graphic file (type png)

<use ahtransportmode.png>
Package pdftex.def Info: ahtransportmode.png used on input line 1538.
(pdftex.def)             Requested size: 98.86913pt x 29.10867pt.

Underfull \hbox (badness 5756) in paragraph at lines 1542--1543
[]\OT1/LinuxLibertineT-TLF/m/n/10.95 MAC del-l'in-te-ro pac-chet-to (ec-cet-to 
cam-pi
 []

<ahtunnelmode.png, id=543, 244.915pt x 69.25874pt>
File: ahtunnelmode.png Graphic file (type png)
 <use ahtunnelmode.png>
Package pdftex.def Info: ahtunnelmode.png used on input line 1549.
(pdftex.def)             Requested size: 122.45718pt x 34.62927pt.

<espstructure.png, id=544, 259.97125pt x 81.30376pt>
File: espstructure.png Graphic file (type png)
 <use espstructure.png>
Package pdftex.def Info: espstructure.png used on input line 1562.
(pdftex.def)             Requested size: 207.97728pt x 65.04308pt.

<esptransportmode.png, id=545, 306.14375pt x 57.21375pt>
File: esptransportmode.png Graphic file (type png)

<use esptransportmode.png>
Package pdftex.def Info: esptransportmode.png used on input line 1569.
(pdftex.def)             Requested size: 214.29915pt x 40.04933pt.
 <tras.png, id=546, 471.7625pt x 137.51375pt>
File: tras.png Graphic file (type png)

<use tras.png>
Package pdftex.def Info: tras.png used on input line 1577.
(pdftex.def)             Requested size: 250.03293pt x 72.88193pt.
 <esptunnelmode.png, id=547, 282.05376pt x 58.2175pt>
File: esptunnelmode.png Graphic file (type png)

<use esptunnelmode.png>
Package pdftex.def Info: esptunnelmode.png used on input line 1583.
(pdftex.def)             Requested size: 197.43626pt x 40.75195pt.
 <tunn.png, id=548, 465.74pt x 363.3575pt>
File: tunn.png Graphic file (type png)

<use tunn.png>
Package pdftex.def Info: tunn.png used on input line 1591.
(pdftex.def)             Requested size: 153.69467pt x 119.90834pt.

Overfull \vbox (8.7593pt too high) has occurred while \output is active []


[27 <./ahstructure.png> <./ahtransportmode.png> <./ahtunnelmode.png> <./espstru
cture.png> <./esptransportmode.png> <./tras.png> <./esptunnelmode.png> <./tunn.
png>] <recapipsec.png, id=569, 497.86pt x 217.81375pt>
File: recapipsec.png Graphic file (type png)
 <use recapipsec.png>
Package pdftex.def Info: recapipsec.png used on input line 1600.
(pdftex.def)             Requested size: 348.49962pt x 152.46857pt.

<recapipsec2.png, id=570, 636.3775pt x 213.79875pt>
File: recapipsec2.png Graphic file (type png)
 <use recapipsec2.png>
Package pdftex.def Info: recapipsec2.png used on input line 1604.
(pdftex.def)             Requested size: 413.64047pt x 138.96753pt.

<ikeroadmap.png, id=571, 891.33pt x 458.71375pt>
File: ikeroadmap.png Graphic file (type png)
 <use ikeroadmap.png>
Package pdftex.def Info: ikeroadmap.png used on input line 1624.
(pdftex.def)             Requested size: 311.97017pt x 160.55222pt.
 [28 <./recapipsec.png> <./recapipsec2.png> <./ikeroadmap.png>]
<ikefase1mainmode.png, id=581, 477.785pt x 304.13625pt>
File: ikefase1mainmode.png Graphic file (type png)

<use ikefase1mainmode.png>
Package pdftex.def Info: ikefase1mainmode.png used on input line 1637.
(pdftex.def)             Requested size: 296.22363pt x 188.56252pt.

Overfull \hbox (38.60469pt too wide) in paragraph at lines 1637--1638
 [][] 
 []

<ikefase1mainmodeschematico.png, id=582, 431.6125pt x 362.35374pt>
File: ikefase1mainmodeschematico.png Graphic file (type png)

<use ikefase1mainmodeschematico.png>
Package pdftex.def Info: ikefase1mainmodeschematico.png used on input line 1642
.
(pdftex.def)             Requested size: 233.06728pt x 195.6681pt.

<ikefase1mainmodemessaggi.png, id=583, 311.1625pt x 151.56625pt>
File: ikefase1mainmodemessaggi.png Graphic file (type png)

<use ikefase1mainmodemessaggi.png>
Package pdftex.def Info: ikefase1mainmodemessaggi.png used on input line 1650.
(pdftex.def)             Requested size: 217.81226pt x 106.09564pt.

<ikefase1mainmodechiavepubblica.png, id=584, 548.0475pt x 351.3125pt>
File: ikefase1mainmodechiavepubblica.png Graphic file (type png)

<use ikefase1mainmodechiavepubblica.png>
Package pdftex.def Info: ikefase1mainmodechiavepubblica.png used on input line 
1662.
(pdftex.def)             Requested size: 274.02307pt x 175.6558pt.

Overfull \hbox (16.40413pt too wide) in paragraph at lines 1662--1663
 [][] 
 []

<fail.png, id=585, 354.32375pt x 126.4725pt>
File: fail.png Graphic file (type png)
 <use fail.png>
Package pdftex.def Info: fail.png used on input line 1668.
(pdftex.def)             Requested size: 283.45938pt x 101.17813pt.

Overfull \hbox (25.84044pt too wide) in paragraph at lines 1668--1669
 [][] 
 []

[29 <./ikefase1mainmode.png> <./ikefase1mainmodeschematico.png> <./ikefase1main
modemessaggi.png> <./ikefase1mainmodechiavepubblica.png> <./fail.png>]
<ikefase2roadmap.png, id=600, 562.1pt x 304.13625pt>
File: ikefase2roadmap.png Graphic file (type png)
 <use ikefase2roadmap.png>
Package pdftex.def Info: ikefase2roadmap.png used on input line 1692.
(pdftex.def)             Requested size: 281.04932pt x 152.06775pt.

Overfull \hbox (23.43037pt too wide) in paragraph at lines 1692--1693
 [][] 
 []

<ikefase2quickmodemessaggi.png, id=601, 483.8075pt x 341.275pt>
File: ikefase2quickmodemessaggi.png Graphic file (type png)

<use ikefase2quickmodemessaggi.png>
Package pdftex.def Info: ikefase2quickmodemessaggi.png used on input line 1697.

(pdftex.def)             Requested size: 217.71136pt x 153.57233pt.
 [30 <./ikefase2roadmap.png> <./ikefase2quickmodemessaggi.png>]
Underfull \hbox (badness 10000) in paragraph at lines 1712--1717

 []


Underfull \hbox (badness 5578) in paragraph at lines 1726--1727
[]\OT1/LinuxLibertineT-TLF/m/n/10.95 pu[]o at-ten-de che l'ad-min ef-fet-tui il
 lo-gin per
 []

[31

]
Underfull \hbox (badness 10000) in paragraph at lines 1779--1785

 []

<dis.png, id=615, 550.055pt x 296.10625pt>
File: dis.png Graphic file (type png)
 <use dis.png>
Package pdftex.def Info: dis.png used on input line 1787.
(pdftex.def)             Requested size: 220.0181pt x 118.44038pt.

<disagent.png, id=616, 367.3725pt x 284.06125pt>
File: disagent.png Graphic file (type png)
 <use disagent.png>
Package pdftex.def Info: disagent.png used on input line 1792.
(pdftex.def)             Requested size: 154.29538pt x 119.3049pt.

<honeypot.png, id=617, 416.55624pt x 437.635pt>
File: honeypot.png Graphic file (type png)
 <use honeypot.png>
Package pdftex.def Info: honeypot.png used on input line 1806.
(pdftex.def)             Requested size: 229.10663pt x 240.69998pt.
 [32 <./dis.png> <./disagent.png> <./honeypot.png>]
<firewall.png, id=628, 505.89pt x 133.49875pt>
File: firewall.png Graphic file (type png)
 <use firewall.png>
Package pdftex.def Info: firewall.png used on input line 1827.
(pdftex.def)             Requested size: 263.0643pt x 69.41972pt.

Overfull \hbox (5.44536pt too wide) in paragraph at lines 1827--1828
 [][] 
 []


Underfull \hbox (badness 10000) in paragraph at lines 1831--1837

 []


Underfull \hbox (badness 10000) in paragraph at lines 1831--1837

 []


Underfull \hbox (badness 10000) in paragraph at lines 1852--1858

 []


Underfull \hbox (badness 10000) in paragraph at lines 1852--1858

 []

[33

 <./firewall.png>] <firewall1.png, id=635, 460.72125pt x 156.585pt>
File: firewall1.png Graphic file (type png)

<use firewall1.png>
Package pdftex.def Info: firewall1.png used on input line 1864.
(pdftex.def)             Requested size: 244.18109pt x 82.98964pt.
 <firewall2.png, id=636, 466.74374pt x 161.60374pt>
File: firewall2.png Graphic file (type png)

<use firewall2.png>
Package pdftex.def Info: firewall2.png used on input line 1870.
(pdftex.def)             Requested size: 242.70815pt x 84.03442pt.
 <firewall3.png, id=637, 471.7625pt x 162.6075pt>
File: firewall3.png Graphic file (type png)

<use firewall3.png>
Package pdftex.def Info: firewall3.png used on input line 1881.
(pdftex.def)             Requested size: 245.3179pt x 84.55638pt.

Underfull \hbox (badness 10000) in paragraph at lines 1878--1883

 []

<firewallVPN.png, id=638, 483.8075pt x 329.23pt>
File: firewallVPN.png Graphic file (type png)
 <use firewallVPN.png>
Package pdftex.def Info: firewallVPN.png used on input line 1888.
(pdftex.def)             Requested size: 241.90315pt x 164.6146pt.

<firewallDMZ.png, id=639, 344.28625pt x 433.62pt>
File: firewallDMZ.png Graphic file (type png)
 <use firewallDMZ.png>
Package pdftex.def Info: firewallDMZ.png used on input line 1898.
(pdftex.def)             Requested size: 206.57333pt x 260.17401pt.

<firewalldist.png, id=640, 339.2675pt x 459.7175pt>
File: firewalldist.png Graphic file (type png)
 <use firewalldist.png>
Package pdftex.def Info: firewalldist.png used on input line 1904.
(pdftex.def)             Requested size: 193.38448pt x 262.04169pt.

[34 <./firewall1.png> <./firewall2.png> <./firewall3.png> <./firewallVPN.png> <
./firewallDMZ.png> <./firewalldist.png>]
Package atveryend Info: Empty hook `BeforeClearDocument' on input line 1911.
Package atveryend Info: Empty hook `AfterLastShipout' on input line 1911.
 (./sicurezzareti.aux
Package cleveref Info: loaded `italian' language definitions on input line 19.
Package cleveref Info: loaded `italian' language definitions on input line 23.
)
Package atveryend Info: Executing hook `AtVeryEndDocument' on input line 1911.
Package atveryend Info: Executing hook `AtEndAfterFileList' on input line 1911.

Package rerunfilecheck Info: File `sicurezzareti.out' has not changed.
(rerunfilecheck)             Checksum: DBF2A56CDBF47A709D62C5D8A36A6C97;2759.
 ) 
Here is how much of TeX's memory you used:
 15051 strings out of 492995
 237054 string characters out of 6132704
 362832 words of memory out of 5000000
 18103 multiletter control sequences out of 15000+600000
 42496 words of font info for 83 fonts, out of 8000000 for 9000
 1141 hyphenation exceptions out of 8191
 53i,7n,92p,805b,498s stack positions out of 5000i,500n,10000p,200000b,80000s
{/usr/local/texlive/2017/texmf-dist/fonts/enc/dvips/libertine/lbtn_naooyc.enc
}{/usr/local/texlive/2017/texmf-dist/fonts/enc/dvips/libertine/lbtn_lyu3x3.enc}
{/usr/local/texlive/2017/texmf-dist/fonts/enc/dvips/libertine/lbtn_oexx6f.enc}{
/usr/local/texlive/2017/texmf-dist/fonts/enc/dvips/libertine/lbtn_kijugd.enc}{/
usr/local/texlive/2017/texmf-dist/fonts/enc/dvips/libertine/lbtn_ks2ukx.enc}</u
sr/local/texlive/2017/texmf-dist/fonts/type1/public/libertine/LinLibertineT.pfb
></usr/local/texlive/2017/texmf-dist/fonts/type1/public/libertine/LinLibertineT
B.pfb></usr/local/texlive/2017/texmf-dist/fonts/type1/public/libertine/LinLiber
tineTBI.pfb></usr/local/texlive/2017/texmf-dist/fonts/type1/public/libertine/Li
nLibertineTI.pfb></usr/local/texlive/2017/texmf-dist/fonts/type1/public/amsfont
s/cm/cmmi10.pfb></usr/local/texlive/2017/texmf-dist/fonts/type1/public/amsfonts
/cm/cmmi6.pfb></usr/local/texlive/2017/texmf-dist/fonts/type1/public/amsfonts/c
m/cmmi8.pfb></usr/local/texlive/2017/texmf-dist/fonts/type1/public/amsfonts/cm/
cmr10.pfb></usr/local/texlive/2017/texmf-dist/fonts/type1/public/amsfonts/cm/cm
r6.pfb></usr/local/texlive/2017/texmf-dist/fonts/type1/public/amsfonts/cm/cmr8.
pfb></usr/local/texlive/2017/texmf-dist/fonts/type1/public/amsfonts/cm/cmsy10.p
fb></usr/local/texlive/2017/texmf-dist/fonts/type1/public/amsfonts/cm/cmsy6.pfb
></usr/local/texlive/2017/texmf-dist/fonts/type1/public/amsfonts/cm/cmsy8.pfb><
/usr/local/texlive/2017/texmf-dist/fonts/type1/public/amsfonts/symbols/msbm10.p
fb>
Output written on sicurezzareti.pdf (34 pages, 8848040 bytes).
PDF statistics:
 746 PDF objects out of 1000 (max. 8388607)
 488 compressed objects within 5 object streams
 171 named destinations out of 1000 (max. 500000)
 815 words of extra memory for PDF output out of 10000 (max. 10000000)

